[ 2016-07-07T09:21:43+08:00 ] 192.168.6.218 /Home/Login/index.html
INFO: [ app_init ] --START--
INFO: Run Behavior\BuildLiteBehavior [ RunTime:0.000026s ]
INFO: [ app_init ] --END-- [ RunTime:0.000615s ]
INFO: [ app_begin ] --START--
INFO: Run Behavior\ReadHtmlCacheBehavior [ RunTime:0.001008s ]
INFO: [ app_begin ] --END-- [ RunTime:0.001141s ]
INFO: [ view_parse ] --START--
INFO: [ template_filter ] --START--
INFO: Run Behavior\ContentReplaceBehavior [ RunTime:0.000070s ]
INFO: [ template_filter ] --END-- [ RunTime:0.000154s ]
INFO: Run Behavior\ParseTemplateBehavior [ RunTime:0.012094s ]
INFO: [ view_parse ] --END-- [ RunTime:0.012177s ]
INFO: [ view_filter ] --START--
INFO: Run Behavior\WriteHtmlCacheBehavior [ RunTime:0.000411s ]
INFO: [ view_filter ] --END-- [ RunTime:0.000479s ]
INFO: [ app_end ] --START--
INFO: Run Behavior\ShowPageTraceBehavior [ RunTime:0.000963s ]
INFO: [ app_end ] --END-- [ RunTime:0.001076s ]

[ 2016-07-07T09:21:51+08:00 ] 192.168.6.218 /Home/Login/login
INFO: [ app_init ] --START--
INFO: Run Behavior\BuildLiteBehavior [ RunTime:0.000024s ]
INFO: [ app_init ] --END-- [ RunTime:0.000678s ]
INFO: [ app_begin ] --START--
INFO: Run Behavior\ReadHtmlCacheBehavior [ RunTime:0.000938s ]
INFO: [ app_begin ] --END-- [ RunTime:0.001031s ]
DEBUG: ========================:Array
(
    [user_name] => 安徽省
    [user_pwd] => 4297f44b13955235245b2497399d7a93
)

NOTIC: [8] Use of undefined constant Login - assumed 'Login' /home/exchange/www/App/Home/Controller/LoginController.class.php 第 16 行.
NOTIC: [8] Use of undefined constant user - assumed 'user' /home/exchange/www/App/Home/Model/LoginModel.class.php 第 6 行.
SQL: SHOW COLUMNS FROM `dh_user` [ RunTime:0.0068s ]
SQL: SELECT * FROM `dh_user` INNER JOIN dh_inst on dh_inst.inst_no=dh_user.user_inst  WHERE `user_name` = '安徽省' AND `user_pwd` = '4297f44b13955235245b2497399d7a93' LIMIT 1   [ RunTime:0.0017s ]
INFO: [ view_parse ] --START--
INFO: [ template_filter ] --START--
INFO: Run Behavior\ContentReplaceBehavior [ RunTime:0.000058s ]
INFO: [ template_filter ] --END-- [ RunTime:0.000141s ]
INFO: Run Behavior\ParseTemplateBehavior [ RunTime:0.011787s ]
INFO: [ view_parse ] --END-- [ RunTime:0.011866s ]
INFO: [ view_filter ] --START--
INFO: Run Behavior\WriteHtmlCacheBehavior [ RunTime:0.000237s ]
INFO: [ view_filter ] --END-- [ RunTime:0.000304s ]
INFO: [ app_end ] --START--
INFO: Run Behavior\ShowPageTraceBehavior [ RunTime:0.000853s ]
INFO: [ app_end ] --END-- [ RunTime:0.000926s ]

[ 2016-07-07T09:21:52+08:00 ] 192.168.6.218 /Home/Main/index.html
INFO: [ app_init ] --START--
INFO: Run Behavior\BuildLiteBehavior [ RunTime:0.000024s ]
INFO: [ app_init ] --END-- [ RunTime:0.000540s ]
INFO: [ app_begin ] --START--
INFO: Run Behavior\ReadHtmlCacheBehavior [ RunTime:0.000797s ]
INFO: [ app_begin ] --END-- [ RunTime:0.000880s ]
INFO: [ view_parse ] --START--
INFO: [ template_filter ] --START--
INFO: Run Behavior\ContentReplaceBehavior [ RunTime:0.000136s ]
INFO: [ template_filter ] --END-- [ RunTime:0.000218s ]
NOTIC: [8] Undefined variable: path /home/exchange/www/Runtime/Cache/Home/ea340386924792ccc65576071a30eec1.php 第 293 行.
INFO: Run Behavior\ParseTemplateBehavior [ RunTime:0.017484s ]
INFO: [ view_parse ] --END-- [ RunTime:0.017558s ]
INFO: [ view_filter ] --START--
INFO: Run Behavior\WriteHtmlCacheBehavior [ RunTime:0.000309s ]
INFO: [ view_filter ] --END-- [ RunTime:0.000381s ]
INFO: [ app_end ] --START--
INFO: Run Behavior\ShowPageTraceBehavior [ RunTime:0.000877s ]
INFO: [ app_end ] --END-- [ RunTime:0.000960s ]

[ 2016-07-07T09:21:52+08:00 ] 192.168.6.218 /Home/Main/index.html
INFO: [ app_init ] --START--
INFO: Run Behavior\BuildLiteBehavior [ RunTime:0.000021s ]
INFO: [ app_init ] --END-- [ RunTime:0.000558s ]
INFO: [ app_begin ] --START--
INFO: Run Behavior\ReadHtmlCacheBehavior [ RunTime:0.000681s ]
INFO: [ app_begin ] --END-- [ RunTime:0.000823s ]
INFO: [ view_parse ] --START--
INFO: [ template_filter ] --START--
INFO: Run Behavior\ContentReplaceBehavior [ RunTime:0.000137s ]
INFO: [ template_filter ] --END-- [ RunTime:0.000222s ]
NOTIC: [8] Undefined variable: path /home/exchange/www/Runtime/Cache/Home/ea340386924792ccc65576071a30eec1.php 第 293 行.
INFO: Run Behavior\ParseTemplateBehavior [ RunTime:0.016614s ]
INFO: [ view_parse ] --END-- [ RunTime:0.016688s ]
INFO: [ view_filter ] --START--
INFO: Run Behavior\WriteHtmlCacheBehavior [ RunTime:0.000221s ]
INFO: [ view_filter ] --END-- [ RunTime:0.000289s ]
INFO: [ app_end ] --START--
INFO: Run Behavior\ShowPageTraceBehavior [ RunTime:0.000868s ]
INFO: [ app_end ] --END-- [ RunTime:0.000961s ]

[ 2016-07-07T09:21:52+08:00 ] 192.168.6.218 /Home/Index/getInstno
INFO: [ app_init ] --START--
INFO: Run Behavior\BuildLiteBehavior [ RunTime:0.000020s ]
INFO: [ app_init ] --END-- [ RunTime:0.000505s ]
INFO: [ app_begin ] --START--
INFO: Run Behavior\ReadHtmlCacheBehavior [ RunTime:0.000710s ]
INFO: [ app_begin ] --END-- [ RunTime:0.000808s ]
SQL: SHOW COLUMNS FROM `dh_inst` [ RunTime:0.0014s ]
SQL: SELECT * FROM `dh_inst` WHERE ( inst_lv=2 )  [ RunTime:0.0036s ]
INFO: [ app_end ] --START--
INFO: Run Behavior\ShowPageTraceBehavior [ RunTime:0.000916s ]
INFO: [ app_end ] --END-- [ RunTime:0.001000s ]

[ 2016-07-07T09:21:56+08:00 ] 192.168.6.218 /Home/Member/index
INFO: [ app_init ] --START--
INFO: Run Behavior\BuildLiteBehavior [ RunTime:0.000033s ]
INFO: [ app_init ] --END-- [ RunTime:0.000659s ]
INFO: [ app_begin ] --START--
INFO: Run Behavior\ReadHtmlCacheBehavior [ RunTime:0.000814s ]
INFO: [ app_begin ] --END-- [ RunTime:0.000898s ]
INFO: [ view_parse ] --START--
INFO: [ template_filter ] --START--
INFO: Run Behavior\ContentReplaceBehavior [ RunTime:0.000198s ]
INFO: [ template_filter ] --END-- [ RunTime:0.000308s ]
NOTIC: [8] Undefined variable: userlist /home/exchange/www/Runtime/Cache/Home/3dab0a4f692bc604129dcf4465678572.php 第 150 行.
NOTIC: [8] Undefined variable: page /home/exchange/www/Runtime/Cache/Home/3dab0a4f692bc604129dcf4465678572.php 第 159 行.
NOTIC: [8] Undefined variable: path /home/exchange/www/Runtime/Cache/Home/3dab0a4f692bc604129dcf4465678572.php 第 175 行.
INFO: Run Behavior\ParseTemplateBehavior [ RunTime:0.019381s ]
INFO: [ view_parse ] --END-- [ RunTime:0.019478s ]
INFO: [ view_filter ] --START--
INFO: Run Behavior\WriteHtmlCacheBehavior [ RunTime:0.000243s ]
INFO: [ view_filter ] --END-- [ RunTime:0.000336s ]
INFO: [ app_end ] --START--
INFO: Run Behavior\ShowPageTraceBehavior [ RunTime:0.000863s ]
INFO: [ app_end ] --END-- [ RunTime:0.000944s ]

[ 2016-07-07T09:21:57+08:00 ] 192.168.6.218 /Home/Member/index
INFO: [ app_init ] --START--
INFO: Run Behavior\BuildLiteBehavior [ RunTime:0.000029s ]
INFO: [ app_init ] --END-- [ RunTime:0.000591s ]
INFO: [ app_begin ] --START--
INFO: Run Behavior\ReadHtmlCacheBehavior [ RunTime:0.000788s ]
INFO: [ app_begin ] --END-- [ RunTime:0.000871s ]
INFO: [ view_parse ] --START--
INFO: [ template_filter ] --START--
INFO: Run Behavior\ContentReplaceBehavior [ RunTime:0.000150s ]
INFO: [ template_filter ] --END-- [ RunTime:0.000234s ]
NOTIC: [8] Undefined variable: userlist /home/exchange/www/Runtime/Cache/Home/3dab0a4f692bc604129dcf4465678572.php 第 150 行.
NOTIC: [8] Undefined variable: page /home/exchange/www/Runtime/Cache/Home/3dab0a4f692bc604129dcf4465678572.php 第 159 行.
NOTIC: [8] Undefined variable: path /home/exchange/www/Runtime/Cache/Home/3dab0a4f692bc604129dcf4465678572.php 第 175 行.
INFO: Run Behavior\ParseTemplateBehavior [ RunTime:0.017857s ]
INFO: [ view_parse ] --END-- [ RunTime:0.017929s ]
INFO: [ view_filter ] --START--
INFO: Run Behavior\WriteHtmlCacheBehavior [ RunTime:0.000232s ]
INFO: [ view_filter ] --END-- [ RunTime:0.000301s ]
INFO: [ app_end ] --START--
INFO: Run Behavior\ShowPageTraceBehavior [ RunTime:0.000824s ]
INFO: [ app_end ] --END-- [ RunTime:0.000896s ]

[ 2016-07-07T09:21:57+08:00 ] 192.168.6.218 /Home/Index/getInstno
INFO: [ app_init ] --START--
INFO: Run Behavior\BuildLiteBehavior [ RunTime:0.000029s ]
INFO: [ app_init ] --END-- [ RunTime:0.000590s ]
INFO: [ app_begin ] --START--
INFO: Run Behavior\ReadHtmlCacheBehavior [ RunTime:0.000763s ]
INFO: [ app_begin ] --END-- [ RunTime:0.000841s ]
SQL: SHOW COLUMNS FROM `dh_inst` [ RunTime:0.0013s ]
SQL: SELECT * FROM `dh_inst` WHERE ( inst_lv=2 )  [ RunTime:0.0025s ]
INFO: [ app_end ] --START--
INFO: Run Behavior\ShowPageTraceBehavior [ RunTime:0.000820s ]
INFO: [ app_end ] --END-- [ RunTime:0.000905s ]

[ 2016-07-07T09:21:57+08:00 ] 192.168.6.218 /Home/Index/getInstno
INFO: [ app_init ] --START--
INFO: Run Behavior\BuildLiteBehavior [ RunTime:0.000036s ]
INFO: [ app_init ] --END-- [ RunTime:0.000778s ]
INFO: [ app_begin ] --START--
INFO: Run Behavior\ReadHtmlCacheBehavior [ RunTime:0.000878s ]
INFO: [ app_begin ] --END-- [ RunTime:0.000971s ]
SQL: SHOW COLUMNS FROM `dh_inst` [ RunTime:0.0010s ]
SQL: SELECT * FROM `dh_inst` WHERE ( inst_lv=2 )  [ RunTime:0.0025s ]
INFO: [ app_end ] --START--
INFO: Run Behavior\ShowPageTraceBehavior [ RunTime:0.000815s ]
INFO: [ app_end ] --END-- [ RunTime:0.000898s ]

[ 2016-07-07T09:21:58+08:00 ] 192.168.6.218 /Home/User/index
INFO: [ app_init ] --START--
INFO: Run Behavior\BuildLiteBehavior [ RunTime:0.000024s ]
INFO: [ app_init ] --END-- [ RunTime:0.000585s ]
INFO: [ app_begin ] --START--
INFO: Run Behavior\ReadHtmlCacheBehavior [ RunTime:0.000744s ]
INFO: [ app_begin ] --END-- [ RunTime:0.000851s ]
SQL: SHOW COLUMNS FROM `dh_user` [ RunTime:0.0013s ]
SQL: SELECT `user_id`,`user_inst`,`user_name` FROM `dh_user` INNER JOIN dh_inst on dh_inst.inst_no=dh_user.user_inst AND dh_inst.inst_per=34000010  WHERE `user_inst` LIKE '%%'  [ RunTime:0.0008s ]
SQL: SELECT `user_id`,`user_inst`,`user_name` FROM `dh_user` INNER JOIN dh_inst on dh_inst.inst_no=dh_user.user_inst AND dh_inst.inst_per=34000010  WHERE `user_inst` LIKE '%%' LIMIT 0,10   [ RunTime:0.0006s ]
INFO: [ view_parse ] --START--
INFO: [ template_filter ] --START--
INFO: Run Behavior\ContentReplaceBehavior [ RunTime:0.000202s ]
INFO: [ template_filter ] --END-- [ RunTime:0.000292s ]
NOTIC: [8] Undefined variable: cao /home/exchange/www/Runtime/Cache/Home/64032f3cba072b42246c94805e3ede75.php 第 136 行.
NOTIC: [8] Undefined variable: path /home/exchange/www/Runtime/Cache/Home/64032f3cba072b42246c94805e3ede75.php 第 172 行.
INFO: Run Behavior\ParseTemplateBehavior [ RunTime:0.018556s ]
INFO: [ view_parse ] --END-- [ RunTime:0.018631s ]
INFO: [ view_filter ] --START--
INFO: Run Behavior\WriteHtmlCacheBehavior [ RunTime:0.000235s ]
INFO: [ view_filter ] --END-- [ RunTime:0.000304s ]
INFO: [ app_end ] --START--
INFO: Run Behavior\ShowPageTraceBehavior [ RunTime:0.000854s ]
INFO: [ app_end ] --END-- [ RunTime:0.000928s ]

[ 2016-07-07T09:21:59+08:00 ] 192.168.6.218 /Home/User/index
INFO: [ app_init ] --START--
INFO: Run Behavior\BuildLiteBehavior [ RunTime:0.000024s ]
INFO: [ app_init ] --END-- [ RunTime:0.000637s ]
INFO: [ app_begin ] --START--
INFO: Run Behavior\ReadHtmlCacheBehavior [ RunTime:0.000767s ]
INFO: [ app_begin ] --END-- [ RunTime:0.000850s ]
SQL: SHOW COLUMNS FROM `dh_user` [ RunTime:0.0017s ]
SQL: SELECT `user_id`,`user_inst`,`user_name` FROM `dh_user` INNER JOIN dh_inst on dh_inst.inst_no=dh_user.user_inst AND dh_inst.inst_per=34000010  WHERE `user_inst` LIKE '%%'  [ RunTime:0.0008s ]
SQL: SELECT `user_id`,`user_inst`,`user_name` FROM `dh_user` INNER JOIN dh_inst on dh_inst.inst_no=dh_user.user_inst AND dh_inst.inst_per=34000010  WHERE `user_inst` LIKE '%%' LIMIT 0,10   [ RunTime:0.0007s ]
INFO: [ view_parse ] --START--
INFO: [ template_filter ] --START--
INFO: Run Behavior\ContentReplaceBehavior [ RunTime:0.000131s ]
INFO: [ template_filter ] --END-- [ RunTime:0.000211s ]
NOTIC: [8] Undefined variable: cao /home/exchange/www/Runtime/Cache/Home/64032f3cba072b42246c94805e3ede75.php 第 136 行.
NOTIC: [8] Undefined variable: path /home/exchange/www/Runtime/Cache/Home/64032f3cba072b42246c94805e3ede75.php 第 172 行.
INFO: Run Behavior\ParseTemplateBehavior [ RunTime:0.017645s ]
INFO: [ view_parse ] --END-- [ RunTime:0.017717s ]
INFO: [ view_filter ] --START--
INFO: Run Behavior\WriteHtmlCacheBehavior [ RunTime:0.000231s ]
INFO: [ view_filter ] --END-- [ RunTime:0.000299s ]
INFO: [ app_end ] --START--
INFO: Run Behavior\ShowPageTraceBehavior [ RunTime:0.000809s ]
INFO: [ app_end ] --END-- [ RunTime:0.000883s ]

[ 2016-07-07T09:21:59+08:00 ] 192.168.6.218 /Home/Index/getInstno
INFO: [ app_init ] --START--
INFO: Run Behavior\BuildLiteBehavior [ RunTime:0.000021s ]
INFO: [ app_init ] --END-- [ RunTime:0.000627s ]
INFO: [ app_begin ] --START--
INFO: Run Behavior\ReadHtmlCacheBehavior [ RunTime:0.000717s ]
INFO: [ app_begin ] --END-- [ RunTime:0.000809s ]
SQL: SHOW COLUMNS FROM `dh_inst` [ RunTime:0.0011s ]
SQL: SELECT * FROM `dh_inst` WHERE ( inst_lv=2 )  [ RunTime:0.0024s ]
INFO: [ app_end ] --START--
INFO: Run Behavior\ShowPageTraceBehavior [ RunTime:0.000888s ]
INFO: [ app_end ] --END-- [ RunTime:0.000971s ]

[ 2016-07-07T09:21:59+08:00 ] 192.168.6.218 /Home/Index/getInstno
INFO: [ app_init ] --START--
INFO: Run Behavior\BuildLiteBehavior [ RunTime:0.000030s ]
INFO: [ app_init ] --END-- [ RunTime:0.000590s ]
INFO: [ app_begin ] --START--
INFO: Run Behavior\ReadHtmlCacheBehavior [ RunTime:0.000808s ]
INFO: [ app_begin ] --END-- [ RunTime:0.000886s ]
SQL: SHOW COLUMNS FROM `dh_inst` [ RunTime:0.0011s ]
SQL: SELECT * FROM `dh_inst` WHERE ( inst_lv=2 )  [ RunTime:0.0025s ]
INFO: [ app_end ] --START--
INFO: Run Behavior\ShowPageTraceBehavior [ RunTime:0.000798s ]
INFO: [ app_end ] --END-- [ RunTime:0.000880s ]

[ 2016-07-07T12:05:05+08:00 ] 192.168.6.218 /Home/Index/getInstno
INFO: [ app_init ] --START--
INFO: Run Behavior\BuildLiteBehavior [ RunTime:0.000022s ]
INFO: [ app_init ] --END-- [ RunTime:0.000734s ]
INFO: [ app_begin ] --START--
INFO: Run Behavior\ReadHtmlCacheBehavior [ RunTime:0.000846s ]
INFO: [ app_begin ] --END-- [ RunTime:0.000925s ]
SQL: SHOW COLUMNS FROM `dh_inst` [ RunTime:0.0028s ]
SQL: SELECT * FROM `dh_inst` WHERE ( inst_lv=2 )  [ RunTime:0.0032s ]
INFO: [ app_end ] --START--
INFO: Run Behavior\ShowPageTraceBehavior [ RunTime:0.001133s ]
INFO: [ app_end ] --END-- [ RunTime:0.001234s ]

[ 2016-07-07T12:05:05+08:00 ] 192.168.6.218 /Home/Index/getInstno
INFO: [ app_init ] --START--
INFO: Run Behavior\BuildLiteBehavior [ RunTime:0.000025s ]
INFO: [ app_init ] --END-- [ RunTime:0.000764s ]
INFO: [ app_begin ] --START--
INFO: Run Behavior\ReadHtmlCacheBehavior [ RunTime:0.000974s ]
INFO: [ app_begin ] --END-- [ RunTime:0.001053s ]
SQL: SHOW COLUMNS FROM `dh_inst` [ RunTime:0.0013s ]
SQL: SELECT * FROM `dh_inst` WHERE ( inst_lv=2 )  [ RunTime:0.0024s ]
INFO: [ app_end ] --START--
INFO: Run Behavior\ShowPageTraceBehavior [ RunTime:0.000714s ]
INFO: [ app_end ] --END-- [ RunTime:0.000851s ]

[ 2016-07-07T16:30:31+08:00 ] 192.168.6.218 /Home/Login/index.html
INFO: [ app_init ] --START--
INFO: Run Behavior\BuildLiteBehavior [ RunTime:0.000027s ]
INFO: [ app_init ] --END-- [ RunTime:0.000688s ]
INFO: [ app_begin ] --START--
INFO: Run Behavior\ReadHtmlCacheBehavior [ RunTime:0.000788s ]
INFO: [ app_begin ] --END-- [ RunTime:0.000894s ]
INFO: [ view_parse ] --START--
INFO: [ template_filter ] --START--
INFO: Run Behavior\ContentReplaceBehavior [ RunTime:0.000105s ]
INFO: [ template_filter ] --END-- [ RunTime:0.000226s ]
INFO: Run Behavior\ParseTemplateBehavior [ RunTime:0.011669s ]
INFO: [ view_parse ] --END-- [ RunTime:0.011777s ]
INFO: [ view_filter ] --START--
INFO: Run Behavior\WriteHtmlCacheBehavior [ RunTime:0.000337s ]
INFO: [ view_filter ] --END-- [ RunTime:0.000407s ]
INFO: [ app_end ] --START--
INFO: Run Behavior\ShowPageTraceBehavior [ RunTime:0.000868s ]
INFO: [ app_end ] --END-- [ RunTime:0.000947s ]

[ 2016-07-07T16:30:39+08:00 ] 192.168.6.218 /Home/Login/login
INFO: [ app_init ] --START--
INFO: Run Behavior\BuildLiteBehavior [ RunTime:0.000016s ]
INFO: [ app_init ] --END-- [ RunTime:0.000386s ]
INFO: [ app_begin ] --START--
INFO: Run Behavior\ReadHtmlCacheBehavior [ RunTime:0.000470s ]
INFO: [ app_begin ] --END-- [ RunTime:0.000535s ]
DEBUG: ========================:Array
(
    [user_name] => 安徽省
    [user_pwd] => 4297f44b13955235245b2497399d7a93
)

NOTIC: [8] Use of undefined constant Login - assumed 'Login' /home/exchange/www/App/Home/Controller/LoginController.class.php 第 16 行.
NOTIC: [8] Use of undefined constant user - assumed 'user' /home/exchange/www/App/Home/Model/LoginModel.class.php 第 6 行.
SQL: SHOW COLUMNS FROM `dh_user` [ RunTime:0.0019s ]
SQL: SELECT * FROM `dh_user` INNER JOIN dh_inst on dh_inst.inst_no=dh_user.user_inst  WHERE `user_name` = '安徽省' AND `user_pwd` = '4297f44b13955235245b2497399d7a93' LIMIT 1   [ RunTime:0.0009s ]
INFO: [ view_parse ] --START--
INFO: [ template_filter ] --START--
INFO: Run Behavior\ContentReplaceBehavior [ RunTime:0.000040s ]
INFO: [ template_filter ] --END-- [ RunTime:0.000101s ]
INFO: Run Behavior\ParseTemplateBehavior [ RunTime:0.007139s ]
INFO: [ view_parse ] --END-- [ RunTime:0.007197s ]
INFO: [ view_filter ] --START--
INFO: Run Behavior\WriteHtmlCacheBehavior [ RunTime:0.000156s ]
INFO: [ view_filter ] --END-- [ RunTime:0.000200s ]
INFO: [ app_end ] --START--
INFO: Run Behavior\ShowPageTraceBehavior [ RunTime:0.000559s ]
INFO: [ app_end ] --END-- [ RunTime:0.000611s ]

[ 2016-07-07T16:30:40+08:00 ] 192.168.6.218 /Home/Main/index.html
INFO: [ app_init ] --START--
INFO: Run Behavior\BuildLiteBehavior [ RunTime:0.000024s ]
INFO: [ app_init ] --END-- [ RunTime:0.000590s ]
INFO: [ app_begin ] --START--
INFO: Run Behavior\ReadHtmlCacheBehavior [ RunTime:0.000812s ]
INFO: [ app_begin ] --END-- [ RunTime:0.000904s ]
INFO: [ view_parse ] --START--
INFO: [ template_filter ] --START--
INFO: Run Behavior\ContentReplaceBehavior [ RunTime:0.000136s ]
INFO: [ template_filter ] --END-- [ RunTime:0.000216s ]
NOTIC: [8] Undefined variable: path /home/exchange/www/Runtime/Cache/Home/ea340386924792ccc65576071a30eec1.php 第 293 行.
INFO: Run Behavior\ParseTemplateBehavior [ RunTime:0.017567s ]
INFO: [ view_parse ] --END-- [ RunTime:0.017645s ]
INFO: [ view_filter ] --START--
INFO: Run Behavior\WriteHtmlCacheBehavior [ RunTime:0.000303s ]
INFO: [ view_filter ] --END-- [ RunTime:0.000382s ]
INFO: [ app_end ] --START--
INFO: Run Behavior\ShowPageTraceBehavior [ RunTime:0.000957s ]
INFO: [ app_end ] --END-- [ RunTime:0.001040s ]

[ 2016-07-07T16:30:40+08:00 ] 192.168.6.218 /Home/Main/index.html
INFO: [ app_init ] --START--
INFO: Run Behavior\BuildLiteBehavior [ RunTime:0.000024s ]
INFO: [ app_init ] --END-- [ RunTime:0.000958s ]
INFO: [ app_begin ] --START--
INFO: Run Behavior\ReadHtmlCacheBehavior [ RunTime:0.000777s ]
INFO: [ app_begin ] --END-- [ RunTime:0.000875s ]
INFO: [ view_parse ] --START--
INFO: [ template_filter ] --START--
INFO: Run Behavior\ContentReplaceBehavior [ RunTime:0.000135s ]
INFO: [ template_filter ] --END-- [ RunTime:0.000215s ]
NOTIC: [8] Undefined variable: path /home/exchange/www/Runtime/Cache/Home/ea340386924792ccc65576071a30eec1.php 第 293 行.
INFO: Run Behavior\ParseTemplateBehavior [ RunTime:0.017092s ]
INFO: [ view_parse ] --END-- [ RunTime:0.017173s ]
INFO: [ view_filter ] --START--
INFO: Run Behavior\WriteHtmlCacheBehavior [ RunTime:0.000272s ]
INFO: [ view_filter ] --END-- [ RunTime:0.000362s ]
INFO: [ app_end ] --START--
INFO: Run Behavior\ShowPageTraceBehavior [ RunTime:0.000907s ]
INFO: [ app_end ] --END-- [ RunTime:0.000990s ]

[ 2016-07-07T16:30:41+08:00 ] 192.168.6.218 /Home/Index/getInstno
INFO: [ app_init ] --START--
INFO: Run Behavior\BuildLiteBehavior [ RunTime:0.000021s ]
INFO: [ app_init ] --END-- [ RunTime:0.000551s ]
INFO: [ app_begin ] --START--
INFO: Run Behavior\ReadHtmlCacheBehavior [ RunTime:0.000748s ]
INFO: [ app_begin ] --END-- [ RunTime:0.000852s ]
SQL: SHOW COLUMNS FROM `dh_inst` [ RunTime:0.0013s ]
SQL: SELECT * FROM `dh_inst` WHERE ( inst_lv=2 )  [ RunTime:0.0031s ]
INFO: [ app_end ] --START--
INFO: Run Behavior\ShowPageTraceBehavior [ RunTime:0.000838s ]
INFO: [ app_end ] --END-- [ RunTime:0.000933s ]

[ 2016-07-07T16:30:42+08:00 ] 192.168.6.218 /Home/Member/index
INFO: [ app_init ] --START--
INFO: Run Behavior\BuildLiteBehavior [ RunTime:0.000024s ]
INFO: [ app_init ] --END-- [ RunTime:0.000602s ]
INFO: [ app_begin ] --START--
INFO: Run Behavior\ReadHtmlCacheBehavior [ RunTime:0.000808s ]
INFO: [ app_begin ] --END-- [ RunTime:0.000897s ]
INFO: [ view_parse ] --START--
INFO: [ template_filter ] --START--
INFO: Run Behavior\ContentReplaceBehavior [ RunTime:0.000229s ]
INFO: [ template_filter ] --END-- [ RunTime:0.000319s ]
NOTIC: [8] Undefined variable: userlist /home/exchange/www/Runtime/Cache/Home/3dab0a4f692bc604129dcf4465678572.php 第 150 行.
NOTIC: [8] Undefined variable: page /home/exchange/www/Runtime/Cache/Home/3dab0a4f692bc604129dcf4465678572.php 第 159 行.
NOTIC: [8] Undefined variable: path /home/exchange/www/Runtime/Cache/Home/3dab0a4f692bc604129dcf4465678572.php 第 175 行.
INFO: Run Behavior\ParseTemplateBehavior [ RunTime:0.018597s ]
INFO: [ view_parse ] --END-- [ RunTime:0.018677s ]
INFO: [ view_filter ] --START--
INFO: Run Behavior\WriteHtmlCacheBehavior [ RunTime:0.000234s ]
INFO: [ view_filter ] --END-- [ RunTime:0.000303s ]
INFO: [ app_end ] --START--
INFO: Run Behavior\ShowPageTraceBehavior [ RunTime:0.000818s ]
INFO: [ app_end ] --END-- [ RunTime:0.000898s ]

[ 2016-07-07T16:30:42+08:00 ] 192.168.6.218 /Home/Member/index
INFO: [ app_init ] --START--
INFO: Run Behavior\BuildLiteBehavior [ RunTime:0.000021s ]
INFO: [ app_init ] --END-- [ RunTime:0.000534s ]
INFO: [ app_begin ] --START--
INFO: Run Behavior\ReadHtmlCacheBehavior [ RunTime:0.000759s ]
INFO: [ app_begin ] --END-- [ RunTime:0.000849s ]
INFO: [ view_parse ] --START--
INFO: [ template_filter ] --START--
INFO: Run Behavior\ContentReplaceBehavior [ RunTime:0.000202s ]
INFO: [ template_filter ] --END-- [ RunTime:0.000309s ]
NOTIC: [8] Undefined variable: userlist /home/exchange/www/Runtime/Cache/Home/3dab0a4f692bc604129dcf4465678572.php 第 150 行.
NOTIC: [8] Undefined variable: page /home/exchange/www/Runtime/Cache/Home/3dab0a4f692bc604129dcf4465678572.php 第 159 行.
NOTIC: [8] Undefined variable: path /home/exchange/www/Runtime/Cache/Home/3dab0a4f692bc604129dcf4465678572.php 第 175 行.
INFO: Run Behavior\ParseTemplateBehavior [ RunTime:0.017905s ]
INFO: [ view_parse ] --END-- [ RunTime:0.018035s ]
INFO: [ view_filter ] --START--
INFO: Run Behavior\WriteHtmlCacheBehavior [ RunTime:0.000226s ]
INFO: [ view_filter ] --END-- [ RunTime:0.000308s ]
INFO: [ app_end ] --START--
INFO: Run Behavior\ShowPageTraceBehavior [ RunTime:0.000817s ]
INFO: [ app_end ] --END-- [ RunTime:0.000889s ]

[ 2016-07-07T16:30:42+08:00 ] 192.168.6.218 /Home/Index/getInstno
INFO: [ app_init ] --START--
INFO: Run Behavior\BuildLiteBehavior [ RunTime:0.000021s ]
INFO: [ app_init ] --END-- [ RunTime:0.000622s ]
INFO: [ app_begin ] --START--
INFO: Run Behavior\ReadHtmlCacheBehavior [ RunTime:0.000698s ]
INFO: [ app_begin ] --END-- [ RunTime:0.000794s ]
SQL: SHOW COLUMNS FROM `dh_inst` [ RunTime:0.0014s ]
SQL: SELECT * FROM `dh_inst` WHERE ( inst_lv=2 )  [ RunTime:0.0026s ]
INFO: [ app_end ] --START--
INFO: Run Behavior\ShowPageTraceBehavior [ RunTime:0.000814s ]
INFO: [ app_end ] --END-- [ RunTime:0.000910s ]

[ 2016-07-07T16:30:42+08:00 ] 192.168.6.218 /Home/Index/getInstno
INFO: [ app_init ] --START--
INFO: Run Behavior\BuildLiteBehavior [ RunTime:0.000021s ]
INFO: [ app_init ] --END-- [ RunTime:0.000538s ]
INFO: [ app_begin ] --START--
INFO: Run Behavior\ReadHtmlCacheBehavior [ RunTime:0.001102s ]
INFO: [ app_begin ] --END-- [ RunTime:0.001180s ]
SQL: SHOW COLUMNS FROM `dh_inst` [ RunTime:0.0011s ]
SQL: SELECT * FROM `dh_inst` WHERE ( inst_lv=2 )  [ RunTime:0.0025s ]
INFO: [ app_end ] --START--
INFO: Run Behavior\ShowPageTraceBehavior [ RunTime:0.001017s ]
INFO: [ app_end ] --END-- [ RunTime:0.001107s ]

[ 2016-07-07T16:30:56+08:00 ] 192.168.6.218 /Home/Grocery/index
INFO: [ app_init ] --START--
INFO: Run Behavior\BuildLiteBehavior [ RunTime:0.000025s ]
INFO: [ app_init ] --END-- [ RunTime:0.000546s ]
INFO: [ app_begin ] --START--
INFO: Run Behavior\ReadHtmlCacheBehavior [ RunTime:0.000767s ]
INFO: [ app_begin ] --END-- [ RunTime:0.000854s ]
SQL: 					select count(*) FROM `dh_inst_grocery`
					left join `dh_gift` on dh_inst_grocery.inst_gift_code = dh_gift.gift_code
					left join dh_inst on dh_inst.inst_no=  dh_inst_grocery.inst_no
					 where 1=1 and dh_inst_grocery.inst_no='34000010'   [ RunTime:0.0040s ]
SQL: 					select  dh_inst_grocery.id,dh_inst.inst_name,dh_gift.gift_name,inst_gift_code,inst_gift_grate,inst_gift_source,giftlog_type,inst_gift_num FROM `dh_inst_grocery`
					left join `dh_gift` on dh_inst_grocery.inst_gift_code = dh_gift.gift_code
					left join dh_inst on dh_inst.inst_no=  dh_inst_grocery.inst_no
					 where 1=1 and dh_inst_grocery.inst_no='34000010'  
					order by dh_inst.inst_name,inst_gift_code limit 0,10 [ RunTime:0.0009s ]
INFO: [ view_parse ] --START--
INFO: [ template_filter ] --START--
INFO: Run Behavior\ContentReplaceBehavior [ RunTime:0.000136s ]
INFO: [ template_filter ] --END-- [ RunTime:0.000216s ]
NOTIC: [8] Undefined index: cus_state /home/exchange/www/Runtime/Cache/Home/9268d4118b6961f16a1c81b6cbe637df.php 第 166 行.
NOTIC: [8] Undefined index: cus_ctf /home/exchange/www/Runtime/Cache/Home/9268d4118b6961f16a1c81b6cbe637df.php 第 172 行.
NOTIC: [8] Undefined index: cus_state /home/exchange/www/Runtime/Cache/Home/9268d4118b6961f16a1c81b6cbe637df.php 第 166 行.
NOTIC: [8] Undefined index: cus_ctf /home/exchange/www/Runtime/Cache/Home/9268d4118b6961f16a1c81b6cbe637df.php 第 172 行.
NOTIC: [8] Undefined index: cus_state /home/exchange/www/Runtime/Cache/Home/9268d4118b6961f16a1c81b6cbe637df.php 第 166 行.
NOTIC: [8] Undefined index: cus_ctf /home/exchange/www/Runtime/Cache/Home/9268d4118b6961f16a1c81b6cbe637df.php 第 172 行.
NOTIC: [8] Undefined index: cus_state /home/exchange/www/Runtime/Cache/Home/9268d4118b6961f16a1c81b6cbe637df.php 第 166 行.
NOTIC: [8] Undefined index: cus_ctf /home/exchange/www/Runtime/Cache/Home/9268d4118b6961f16a1c81b6cbe637df.php 第 172 行.
NOTIC: [8] Undefined index: cus_state /home/exchange/www/Runtime/Cache/Home/9268d4118b6961f16a1c81b6cbe637df.php 第 166 行.
NOTIC: [8] Undefined index: cus_ctf /home/exchange/www/Runtime/Cache/Home/9268d4118b6961f16a1c81b6cbe637df.php 第 172 行.
NOTIC: [8] Undefined index: cus_state /home/exchange/www/Runtime/Cache/Home/9268d4118b6961f16a1c81b6cbe637df.php 第 166 行.
NOTIC: [8] Undefined index: cus_ctf /home/exchange/www/Runtime/Cache/Home/9268d4118b6961f16a1c81b6cbe637df.php 第 172 行.
NOTIC: [8] Undefined variable: path /home/exchange/www/Runtime/Cache/Home/9268d4118b6961f16a1c81b6cbe637df.php 第 192 行.
INFO: Run Behavior\ParseTemplateBehavior [ RunTime:0.021466s ]
INFO: [ view_parse ] --END-- [ RunTime:0.021545s ]
INFO: [ view_filter ] --START--
INFO: Run Behavior\WriteHtmlCacheBehavior [ RunTime:0.000313s ]
INFO: [ view_filter ] --END-- [ RunTime:0.000386s ]
INFO: [ app_end ] --START--
INFO: Run Behavior\ShowPageTraceBehavior [ RunTime:0.000895s ]
INFO: [ app_end ] --END-- [ RunTime:0.000979s ]

[ 2016-07-07T16:30:56+08:00 ] 192.168.6.218 /Home/Grocery/index
INFO: [ app_init ] --START--
INFO: Run Behavior\BuildLiteBehavior [ RunTime:0.000032s ]
INFO: [ app_init ] --END-- [ RunTime:0.000620s ]
INFO: [ app_begin ] --START--
INFO: Run Behavior\ReadHtmlCacheBehavior [ RunTime:0.000778s ]
INFO: [ app_begin ] --END-- [ RunTime:0.000864s ]
SQL: 					select count(*) FROM `dh_inst_grocery`
					left join `dh_gift` on dh_inst_grocery.inst_gift_code = dh_gift.gift_code
					left join dh_inst on dh_inst.inst_no=  dh_inst_grocery.inst_no
					 where 1=1 and dh_inst_grocery.inst_no='34000010'   [ RunTime:0.0009s ]
SQL: 					select  dh_inst_grocery.id,dh_inst.inst_name,dh_gift.gift_name,inst_gift_code,inst_gift_grate,inst_gift_source,giftlog_type,inst_gift_num FROM `dh_inst_grocery`
					left join `dh_gift` on dh_inst_grocery.inst_gift_code = dh_gift.gift_code
					left join dh_inst on dh_inst.inst_no=  dh_inst_grocery.inst_no
					 where 1=1 and dh_inst_grocery.inst_no='34000010'  
					order by dh_inst.inst_name,inst_gift_code limit 0,10 [ RunTime:0.0010s ]
INFO: [ view_parse ] --START--
INFO: [ template_filter ] --START--
INFO: Run Behavior\ContentReplaceBehavior [ RunTime:0.000137s ]
INFO: [ template_filter ] --END-- [ RunTime:0.000217s ]
NOTIC: [8] Undefined index: cus_state /home/exchange/www/Runtime/Cache/Home/9268d4118b6961f16a1c81b6cbe637df.php 第 166 行.
NOTIC: [8] Undefined index: cus_ctf /home/exchange/www/Runtime/Cache/Home/9268d4118b6961f16a1c81b6cbe637df.php 第 172 行.
NOTIC: [8] Undefined index: cus_state /home/exchange/www/Runtime/Cache/Home/9268d4118b6961f16a1c81b6cbe637df.php 第 166 行.
NOTIC: [8] Undefined index: cus_ctf /home/exchange/www/Runtime/Cache/Home/9268d4118b6961f16a1c81b6cbe637df.php 第 172 行.
NOTIC: [8] Undefined index: cus_state /home/exchange/www/Runtime/Cache/Home/9268d4118b6961f16a1c81b6cbe637df.php 第 166 行.
NOTIC: [8] Undefined index: cus_ctf /home/exchange/www/Runtime/Cache/Home/9268d4118b6961f16a1c81b6cbe637df.php 第 172 行.
NOTIC: [8] Undefined index: cus_state /home/exchange/www/Runtime/Cache/Home/9268d4118b6961f16a1c81b6cbe637df.php 第 166 行.
NOTIC: [8] Undefined index: cus_ctf /home/exchange/www/Runtime/Cache/Home/9268d4118b6961f16a1c81b6cbe637df.php 第 172 行.
NOTIC: [8] Undefined index: cus_state /home/exchange/www/Runtime/Cache/Home/9268d4118b6961f16a1c81b6cbe637df.php 第 166 行.
NOTIC: [8] Undefined index: cus_ctf /home/exchange/www/Runtime/Cache/Home/9268d4118b6961f16a1c81b6cbe637df.php 第 172 行.
NOTIC: [8] Undefined index: cus_state /home/exchange/www/Runtime/Cache/Home/9268d4118b6961f16a1c81b6cbe637df.php 第 166 行.
NOTIC: [8] Undefined index: cus_ctf /home/exchange/www/Runtime/Cache/Home/9268d4118b6961f16a1c81b6cbe637df.php 第 172 行.
NOTIC: [8] Undefined variable: path /home/exchange/www/Runtime/Cache/Home/9268d4118b6961f16a1c81b6cbe637df.php 第 192 行.
INFO: Run Behavior\ParseTemplateBehavior [ RunTime:0.020591s ]
INFO: [ view_parse ] --END-- [ RunTime:0.020677s ]
INFO: [ view_filter ] --START--
INFO: Run Behavior\WriteHtmlCacheBehavior [ RunTime:0.000226s ]
INFO: [ view_filter ] --END-- [ RunTime:0.000295s ]
INFO: [ app_end ] --START--
INFO: Run Behavior\ShowPageTraceBehavior [ RunTime:0.000765s ]
INFO: [ app_end ] --END-- [ RunTime:0.000904s ]

[ 2016-07-07T16:30:56+08:00 ] 192.168.6.218 /Home/Index/getInstno
INFO: [ app_init ] --START--
INFO: Run Behavior\BuildLiteBehavior [ RunTime:0.000020s ]
INFO: [ app_init ] --END-- [ RunTime:0.000504s ]
INFO: [ app_begin ] --START--
INFO: Run Behavior\ReadHtmlCacheBehavior [ RunTime:0.000744s ]
INFO: [ app_begin ] --END-- [ RunTime:0.000822s ]
SQL: SHOW COLUMNS FROM `dh_inst` [ RunTime:0.0013s ]
SQL: SELECT * FROM `dh_inst` WHERE ( inst_lv=2 )  [ RunTime:0.0025s ]
INFO: [ app_end ] --START--
INFO: Run Behavior\ShowPageTraceBehavior [ RunTime:0.000775s ]
INFO: [ app_end ] --END-- [ RunTime:0.000859s ]

[ 2016-07-07T16:31:03+08:00 ] 192.168.6.218 /Home/GroceryLog/index
INFO: [ app_init ] --START--
INFO: Run Behavior\BuildLiteBehavior [ RunTime:0.000016s ]
INFO: [ app_init ] --END-- [ RunTime:0.000486s ]
INFO: [ app_begin ] --START--
INFO: Run Behavior\ReadHtmlCacheBehavior [ RunTime:0.000564s ]
INFO: [ app_begin ] --END-- [ RunTime:0.000636s ]
INFO: [ view_parse ] --START--
INFO: [ template_filter ] --START--
INFO: Run Behavior\ContentReplaceBehavior [ RunTime:0.000065s ]
INFO: [ template_filter ] --END-- [ RunTime:0.000118s ]
NOTIC: [8] Undefined variable: path /home/exchange/www/Runtime/Cache/Home/ada2d3e3370a01b04bb49ef9440c89cd.php 第 137 行.
INFO: Run Behavior\ParseTemplateBehavior [ RunTime:0.010978s ]
INFO: [ view_parse ] --END-- [ RunTime:0.011037s ]
INFO: [ view_filter ] --START--
INFO: Run Behavior\WriteHtmlCacheBehavior [ RunTime:0.000158s ]
INFO: [ view_filter ] --END-- [ RunTime:0.000202s ]
INFO: [ app_end ] --START--
INFO: Run Behavior\ShowPageTraceBehavior [ RunTime:0.000578s ]
INFO: [ app_end ] --END-- [ RunTime:0.000625s ]

[ 2016-07-07T16:31:03+08:00 ] 192.168.6.218 /Home/GroceryLog/index
INFO: [ app_init ] --START--
INFO: Run Behavior\BuildLiteBehavior [ RunTime:0.000018s ]
INFO: [ app_init ] --END-- [ RunTime:0.000383s ]
INFO: [ app_begin ] --START--
INFO: Run Behavior\ReadHtmlCacheBehavior [ RunTime:0.000492s ]
INFO: [ app_begin ] --END-- [ RunTime:0.000557s ]
INFO: [ view_parse ] --START--
INFO: [ template_filter ] --START--
INFO: Run Behavior\ContentReplaceBehavior [ RunTime:0.000076s ]
INFO: [ template_filter ] --END-- [ RunTime:0.000145s ]
NOTIC: [8] Undefined variable: path /home/exchange/www/Runtime/Cache/Home/ada2d3e3370a01b04bb49ef9440c89cd.php 第 137 行.
INFO: Run Behavior\ParseTemplateBehavior [ RunTime:0.008028s ]
INFO: [ view_parse ] --END-- [ RunTime:0.008074s ]
INFO: [ view_filter ] --START--
INFO: Run Behavior\WriteHtmlCacheBehavior [ RunTime:0.000168s ]
INFO: [ view_filter ] --END-- [ RunTime:0.000222s ]
INFO: [ app_end ] --START--
INFO: Run Behavior\ShowPageTraceBehavior [ RunTime:0.000478s ]
INFO: [ app_end ] --END-- [ RunTime:0.000527s ]

[ 2016-07-07T16:31:03+08:00 ] 192.168.6.218 /Home/Index/getInstno
INFO: [ app_init ] --START--
INFO: Run Behavior\BuildLiteBehavior [ RunTime:0.000017s ]
INFO: [ app_init ] --END-- [ RunTime:0.000375s ]
INFO: [ app_begin ] --START--
INFO: Run Behavior\ReadHtmlCacheBehavior [ RunTime:0.000507s ]
INFO: [ app_begin ] --END-- [ RunTime:0.000557s ]
SQL: SHOW COLUMNS FROM `dh_inst` [ RunTime:0.0009s ]
SQL: SELECT * FROM `dh_inst` WHERE ( inst_lv=2 )  [ RunTime:0.0016s ]
INFO: [ app_end ] --START--
INFO: Run Behavior\ShowPageTraceBehavior [ RunTime:0.000754s ]
INFO: [ app_end ] --END-- [ RunTime:0.000822s ]

[ 2016-07-07T16:31:04+08:00 ] 192.168.6.218 /Home/Grate/index
INFO: [ app_init ] --START--
INFO: Run Behavior\BuildLiteBehavior [ RunTime:0.000024s ]
INFO: [ app_init ] --END-- [ RunTime:0.000642s ]
INFO: [ app_begin ] --START--
INFO: Run Behavior\ReadHtmlCacheBehavior [ RunTime:0.000695s ]
INFO: [ app_begin ] --END-- [ RunTime:0.000780s ]
SQL: 		select count(*) FROM `dh_gift_grates`
		left join dh_inst on dh_inst.inst_no = dh_gift_grates.inst_no
        left join (SELECT e1.inst_no,e1.inst_name,e2.inst_no county,e2.inst_name countyname,e3.inst_no city,e3.inst_name cityname FROM `dh_inst` e1 left join dh_inst e2 on e1.inst_per=e2.inst_no left join dh_inst e3 on e2.inst_per=e3.inst_no) instno 
		on instno.inst_no = dh_gift_grates.inst_no where 1=1  [ RunTime:0.0415s ]
SQL: 		select  gift_grate,dh_inst.inst_name,dh_gift_grates.inst_no  FROM `dh_gift_grates`
		left join dh_inst on dh_inst.inst_no = dh_gift_grates.inst_no
        left join (SELECT e1.inst_no,e1.inst_name,e2.inst_no county,e2.inst_name countyname,e3.inst_no city,e3.inst_name cityname FROM `dh_inst` e1 left join dh_inst e2 on e1.inst_per=e2.inst_no left join dh_inst e3 on e2.inst_per=e3.inst_no) instno 
		on instno.inst_no = dh_gift_grates.inst_no where 1=1  limit 0,10 [ RunTime:0.0155s ]
INFO: [ view_parse ] --START--
INFO: [ template_filter ] --START--
INFO: Run Behavior\ContentReplaceBehavior [ RunTime:0.000127s ]
INFO: [ template_filter ] --END-- [ RunTime:0.000212s ]
NOTIC: [8] Undefined variable: path /home/exchange/www/Runtime/Cache/Home/7d9888f067620cc52ef1218ba67c90be.php 第 169 行.
INFO: Run Behavior\ParseTemplateBehavior [ RunTime:0.018700s ]
INFO: [ view_parse ] --END-- [ RunTime:0.018780s ]
INFO: [ view_filter ] --START--
INFO: Run Behavior\WriteHtmlCacheBehavior [ RunTime:0.000236s ]
INFO: [ view_filter ] --END-- [ RunTime:0.000304s ]
INFO: [ app_end ] --START--
INFO: Run Behavior\ShowPageTraceBehavior [ RunTime:0.000801s ]
INFO: [ app_end ] --END-- [ RunTime:0.000900s ]

[ 2016-07-07T16:31:04+08:00 ] 192.168.6.218 /Home/Grate/index
INFO: [ app_init ] --START--
INFO: Run Behavior\BuildLiteBehavior [ RunTime:0.000023s ]
INFO: [ app_init ] --END-- [ RunTime:0.000562s ]
INFO: [ app_begin ] --START--
INFO: Run Behavior\ReadHtmlCacheBehavior [ RunTime:0.000730s ]
INFO: [ app_begin ] --END-- [ RunTime:0.000839s ]
SQL: 		select count(*) FROM `dh_gift_grates`
		left join dh_inst on dh_inst.inst_no = dh_gift_grates.inst_no
        left join (SELECT e1.inst_no,e1.inst_name,e2.inst_no county,e2.inst_name countyname,e3.inst_no city,e3.inst_name cityname FROM `dh_inst` e1 left join dh_inst e2 on e1.inst_per=e2.inst_no left join dh_inst e3 on e2.inst_per=e3.inst_no) instno 
		on instno.inst_no = dh_gift_grates.inst_no where 1=1  [ RunTime:0.0290s ]
SQL: 		select  gift_grate,dh_inst.inst_name,dh_gift_grates.inst_no  FROM `dh_gift_grates`
		left join dh_inst on dh_inst.inst_no = dh_gift_grates.inst_no
        left join (SELECT e1.inst_no,e1.inst_name,e2.inst_no county,e2.inst_name countyname,e3.inst_no city,e3.inst_name cityname FROM `dh_inst` e1 left join dh_inst e2 on e1.inst_per=e2.inst_no left join dh_inst e3 on e2.inst_per=e3.inst_no) instno 
		on instno.inst_no = dh_gift_grates.inst_no where 1=1  limit 0,10 [ RunTime:0.0154s ]
INFO: [ view_parse ] --START--
INFO: [ template_filter ] --START--
INFO: Run Behavior\ContentReplaceBehavior [ RunTime:0.000125s ]
INFO: [ template_filter ] --END-- [ RunTime:0.000208s ]
NOTIC: [8] Undefined variable: path /home/exchange/www/Runtime/Cache/Home/7d9888f067620cc52ef1218ba67c90be.php 第 169 行.
INFO: Run Behavior\ParseTemplateBehavior [ RunTime:0.017048s ]
INFO: [ view_parse ] --END-- [ RunTime:0.017123s ]
INFO: [ view_filter ] --START--
INFO: Run Behavior\WriteHtmlCacheBehavior [ RunTime:0.000252s ]
INFO: [ view_filter ] --END-- [ RunTime:0.000346s ]
INFO: [ app_end ] --START--
INFO: Run Behavior\ShowPageTraceBehavior [ RunTime:0.000822s ]
INFO: [ app_end ] --END-- [ RunTime:0.000901s ]

[ 2016-07-07T16:31:05+08:00 ] 192.168.6.218 /Home/Index/getInstno
INFO: [ app_init ] --START--
INFO: Run Behavior\BuildLiteBehavior [ RunTime:0.000022s ]
INFO: [ app_init ] --END-- [ RunTime:0.000615s ]
INFO: [ app_begin ] --START--
INFO: Run Behavior\ReadHtmlCacheBehavior [ RunTime:0.000715s ]
INFO: [ app_begin ] --END-- [ RunTime:0.000837s ]
SQL: SHOW COLUMNS FROM `dh_inst` [ RunTime:0.0014s ]
SQL: SELECT * FROM `dh_inst` WHERE ( inst_lv=2 )  [ RunTime:0.0028s ]
INFO: [ app_end ] --START--
INFO: Run Behavior\ShowPageTraceBehavior [ RunTime:0.000895s ]
INFO: [ app_end ] --END-- [ RunTime:0.000981s ]

[ 2016-07-07T16:31:09+08:00 ] 192.168.6.218 /Home/Index/getInstno?instno=34000022
INFO: [ app_init ] --START--
INFO: Run Behavior\BuildLiteBehavior [ RunTime:0.000017s ]
INFO: [ app_init ] --END-- [ RunTime:0.000412s ]
INFO: [ app_begin ] --START--
INFO: Run Behavior\ReadHtmlCacheBehavior [ RunTime:0.000512s ]
INFO: [ app_begin ] --END-- [ RunTime:0.000562s ]
SQL: SHOW COLUMNS FROM `dh_inst` [ RunTime:0.0009s ]
SQL: SELECT * FROM `dh_inst` WHERE (  inst_per = 34000022 )  [ RunTime:0.0020s ]
INFO: [ app_end ] --START--
INFO: Run Behavior\ShowPageTraceBehavior [ RunTime:0.000538s ]
INFO: [ app_end ] --END-- [ RunTime:0.000597s ]

[ 2016-07-07T16:31:11+08:00 ] 192.168.6.218 /Home/Grate/index?citys=34000022&countys=-1&instno=-1
INFO: [ app_init ] --START--
INFO: Run Behavior\BuildLiteBehavior [ RunTime:0.000024s ]
INFO: [ app_init ] --END-- [ RunTime:0.000642s ]
INFO: [ app_begin ] --START--
INFO: Run Behavior\ReadHtmlCacheBehavior [ RunTime:0.000696s ]
INFO: [ app_begin ] --END-- [ RunTime:0.000788s ]
SQL: 		select count(*) FROM `dh_gift_grates`
		left join dh_inst on dh_inst.inst_no = dh_gift_grates.inst_no
        left join (SELECT e1.inst_no,e1.inst_name,e2.inst_no county,e2.inst_name countyname,e3.inst_no city,e3.inst_name cityname FROM `dh_inst` e1 left join dh_inst e2 on e1.inst_per=e2.inst_no left join dh_inst e3 on e2.inst_per=e3.inst_no) instno 
		on instno.inst_no = dh_gift_grates.inst_no where 1=1 and city=34000022  [ RunTime:0.0109s ]
SQL: 		select  gift_grate,dh_inst.inst_name,dh_gift_grates.inst_no  FROM `dh_gift_grates`
		left join dh_inst on dh_inst.inst_no = dh_gift_grates.inst_no
        left join (SELECT e1.inst_no,e1.inst_name,e2.inst_no county,e2.inst_name countyname,e3.inst_no city,e3.inst_name cityname FROM `dh_inst` e1 left join dh_inst e2 on e1.inst_per=e2.inst_no left join dh_inst e3 on e2.inst_per=e3.inst_no) instno 
		on instno.inst_no = dh_gift_grates.inst_no where 1=1 and city=34000022  limit 0,10 [ RunTime:0.0086s ]
INFO: [ view_parse ] --START--
INFO: [ template_filter ] --START--
INFO: Run Behavior\ContentReplaceBehavior [ RunTime:0.000127s ]
INFO: [ template_filter ] --END-- [ RunTime:0.000212s ]
NOTIC: [8] Undefined variable: path /home/exchange/www/Runtime/Cache/Home/7d9888f067620cc52ef1218ba67c90be.php 第 169 行.
INFO: Run Behavior\ParseTemplateBehavior [ RunTime:0.017986s ]
INFO: [ view_parse ] --END-- [ RunTime:0.018076s ]
INFO: [ view_filter ] --START--
INFO: Run Behavior\WriteHtmlCacheBehavior [ RunTime:0.000246s ]
INFO: [ view_filter ] --END-- [ RunTime:0.000316s ]
INFO: [ app_end ] --START--
INFO: Run Behavior\ShowPageTraceBehavior [ RunTime:0.000872s ]
INFO: [ app_end ] --END-- [ RunTime:0.000954s ]

[ 2016-07-07T16:31:11+08:00 ] 192.168.6.218 /Home/Grate/index?citys=34000022&countys=-1&instno=-1
INFO: [ app_init ] --START--
INFO: Run Behavior\BuildLiteBehavior [ RunTime:0.000031s ]
INFO: [ app_init ] --END-- [ RunTime:0.000587s ]
INFO: [ app_begin ] --START--
INFO: Run Behavior\ReadHtmlCacheBehavior [ RunTime:0.000777s ]
INFO: [ app_begin ] --END-- [ RunTime:0.000863s ]
SQL: 		select count(*) FROM `dh_gift_grates`
		left join dh_inst on dh_inst.inst_no = dh_gift_grates.inst_no
        left join (SELECT e1.inst_no,e1.inst_name,e2.inst_no county,e2.inst_name countyname,e3.inst_no city,e3.inst_name cityname FROM `dh_inst` e1 left join dh_inst e2 on e1.inst_per=e2.inst_no left join dh_inst e3 on e2.inst_per=e3.inst_no) instno 
		on instno.inst_no = dh_gift_grates.inst_no where 1=1 and city=34000022  [ RunTime:0.0115s ]
SQL: 		select  gift_grate,dh_inst.inst_name,dh_gift_grates.inst_no  FROM `dh_gift_grates`
		left join dh_inst on dh_inst.inst_no = dh_gift_grates.inst_no
        left join (SELECT e1.inst_no,e1.inst_name,e2.inst_no county,e2.inst_name countyname,e3.inst_no city,e3.inst_name cityname FROM `dh_inst` e1 left join dh_inst e2 on e1.inst_per=e2.inst_no left join dh_inst e3 on e2.inst_per=e3.inst_no) instno 
		on instno.inst_no = dh_gift_grates.inst_no where 1=1 and city=34000022  limit 0,10 [ RunTime:0.0086s ]
INFO: [ view_parse ] --START--
INFO: [ template_filter ] --START--
INFO: Run Behavior\ContentReplaceBehavior [ RunTime:0.000127s ]
INFO: [ template_filter ] --END-- [ RunTime:0.000216s ]
NOTIC: [8] Undefined variable: path /home/exchange/www/Runtime/Cache/Home/7d9888f067620cc52ef1218ba67c90be.php 第 169 行.
INFO: Run Behavior\ParseTemplateBehavior [ RunTime:0.017323s ]
INFO: [ view_parse ] --END-- [ RunTime:0.017402s ]
INFO: [ view_filter ] --START--
INFO: Run Behavior\WriteHtmlCacheBehavior [ RunTime:0.000230s ]
INFO: [ view_filter ] --END-- [ RunTime:0.000298s ]
INFO: [ app_end ] --START--
INFO: Run Behavior\ShowPageTraceBehavior [ RunTime:0.000869s ]
INFO: [ app_end ] --END-- [ RunTime:0.000963s ]

[ 2016-07-07T16:31:11+08:00 ] 192.168.6.218 /Home/Index/getInstno
INFO: [ app_init ] --START--
INFO: Run Behavior\BuildLiteBehavior [ RunTime:0.000021s ]
INFO: [ app_init ] --END-- [ RunTime:0.000557s ]
INFO: [ app_begin ] --START--
INFO: Run Behavior\ReadHtmlCacheBehavior [ RunTime:0.000704s ]
INFO: [ app_begin ] --END-- [ RunTime:0.000822s ]
SQL: SHOW COLUMNS FROM `dh_inst` [ RunTime:0.0012s ]
SQL: SELECT * FROM `dh_inst` WHERE ( inst_lv=2 )  [ RunTime:0.0025s ]
INFO: [ app_end ] --START--
INFO: Run Behavior\ShowPageTraceBehavior [ RunTime:0.000838s ]
INFO: [ app_end ] --END-- [ RunTime:0.000922s ]

[ 2016-07-07T16:31:13+08:00 ] 192.168.6.218 /Home/Grate/index
INFO: [ app_init ] --START--
INFO: Run Behavior\BuildLiteBehavior [ RunTime:0.000024s ]
INFO: [ app_init ] --END-- [ RunTime:0.000581s ]
INFO: [ app_begin ] --START--
INFO: Run Behavior\ReadHtmlCacheBehavior [ RunTime:0.000796s ]
INFO: [ app_begin ] --END-- [ RunTime:0.000901s ]
SQL: 		select count(*) FROM `dh_gift_grates`
		left join dh_inst on dh_inst.inst_no = dh_gift_grates.inst_no
        left join (SELECT e1.inst_no,e1.inst_name,e2.inst_no county,e2.inst_name countyname,e3.inst_no city,e3.inst_name cityname FROM `dh_inst` e1 left join dh_inst e2 on e1.inst_per=e2.inst_no left join dh_inst e3 on e2.inst_per=e3.inst_no) instno 
		on instno.inst_no = dh_gift_grates.inst_no where 1=1  [ RunTime:0.0288s ]
SQL: 		select  gift_grate,dh_inst.inst_name,dh_gift_grates.inst_no  FROM `dh_gift_grates`
		left join dh_inst on dh_inst.inst_no = dh_gift_grates.inst_no
        left join (SELECT e1.inst_no,e1.inst_name,e2.inst_no county,e2.inst_name countyname,e3.inst_no city,e3.inst_name cityname FROM `dh_inst` e1 left join dh_inst e2 on e1.inst_per=e2.inst_no left join dh_inst e3 on e2.inst_per=e3.inst_no) instno 
		on instno.inst_no = dh_gift_grates.inst_no where 1=1  limit 0,10 [ RunTime:0.0156s ]
INFO: [ view_parse ] --START--
INFO: [ template_filter ] --START--
INFO: Run Behavior\ContentReplaceBehavior [ RunTime:0.000126s ]
INFO: [ template_filter ] --END-- [ RunTime:0.000209s ]
NOTIC: [8] Undefined variable: path /home/exchange/www/Runtime/Cache/Home/7d9888f067620cc52ef1218ba67c90be.php 第 169 行.
INFO: Run Behavior\ParseTemplateBehavior [ RunTime:0.017751s ]
INFO: [ view_parse ] --END-- [ RunTime:0.017833s ]
INFO: [ view_filter ] --START--
INFO: Run Behavior\WriteHtmlCacheBehavior [ RunTime:0.000295s ]
INFO: [ view_filter ] --END-- [ RunTime:0.000367s ]
INFO: [ app_end ] --START--
INFO: Run Behavior\ShowPageTraceBehavior [ RunTime:0.000883s ]
INFO: [ app_end ] --END-- [ RunTime:0.000965s ]

[ 2016-07-07T16:31:13+08:00 ] 192.168.6.218 /Home/Grate/index
INFO: [ app_init ] --START--
INFO: Run Behavior\BuildLiteBehavior [ RunTime:0.000026s ]
INFO: [ app_init ] --END-- [ RunTime:0.000915s ]
INFO: [ app_begin ] --START--
INFO: Run Behavior\ReadHtmlCacheBehavior [ RunTime:0.000800s ]
INFO: [ app_begin ] --END-- [ RunTime:0.000883s ]
SQL: 		select count(*) FROM `dh_gift_grates`
		left join dh_inst on dh_inst.inst_no = dh_gift_grates.inst_no
        left join (SELECT e1.inst_no,e1.inst_name,e2.inst_no county,e2.inst_name countyname,e3.inst_no city,e3.inst_name cityname FROM `dh_inst` e1 left join dh_inst e2 on e1.inst_per=e2.inst_no left join dh_inst e3 on e2.inst_per=e3.inst_no) instno 
		on instno.inst_no = dh_gift_grates.inst_no where 1=1  [ RunTime:0.0292s ]
SQL: 		select  gift_grate,dh_inst.inst_name,dh_gift_grates.inst_no  FROM `dh_gift_grates`
		left join dh_inst on dh_inst.inst_no = dh_gift_grates.inst_no
        left join (SELECT e1.inst_no,e1.inst_name,e2.inst_no county,e2.inst_name countyname,e3.inst_no city,e3.inst_name cityname FROM `dh_inst` e1 left join dh_inst e2 on e1.inst_per=e2.inst_no left join dh_inst e3 on e2.inst_per=e3.inst_no) instno 
		on instno.inst_no = dh_gift_grates.inst_no where 1=1  limit 0,10 [ RunTime:0.0152s ]
INFO: [ view_parse ] --START--
INFO: [ template_filter ] --START--
INFO: Run Behavior\ContentReplaceBehavior [ RunTime:0.000126s ]
INFO: [ template_filter ] --END-- [ RunTime:0.000207s ]
NOTIC: [8] Undefined variable: path /home/exchange/www/Runtime/Cache/Home/7d9888f067620cc52ef1218ba67c90be.php 第 169 行.
INFO: Run Behavior\ParseTemplateBehavior [ RunTime:0.017215s ]
INFO: [ view_parse ] --END-- [ RunTime:0.017289s ]
INFO: [ view_filter ] --START--
INFO: Run Behavior\WriteHtmlCacheBehavior [ RunTime:0.000226s ]
INFO: [ view_filter ] --END-- [ RunTime:0.000298s ]
INFO: [ app_end ] --START--
INFO: Run Behavior\ShowPageTraceBehavior [ RunTime:0.000806s ]
INFO: [ app_end ] --END-- [ RunTime:0.000907s ]

[ 2016-07-07T16:31:13+08:00 ] 192.168.6.218 /Home/Index/getInstno
INFO: [ app_init ] --START--
INFO: Run Behavior\BuildLiteBehavior [ RunTime:0.000021s ]
INFO: [ app_init ] --END-- [ RunTime:0.000514s ]
INFO: [ app_begin ] --START--
INFO: Run Behavior\ReadHtmlCacheBehavior [ RunTime:0.000778s ]
INFO: [ app_begin ] --END-- [ RunTime:0.000859s ]
SQL: SHOW COLUMNS FROM `dh_inst` [ RunTime:0.0013s ]
SQL: SELECT * FROM `dh_inst` WHERE ( inst_lv=2 )  [ RunTime:0.0025s ]
INFO: [ app_end ] --START--
INFO: Run Behavior\ShowPageTraceBehavior [ RunTime:0.000768s ]
INFO: [ app_end ] --END-- [ RunTime:0.000873s ]

[ 2016-07-07T16:31:15+08:00 ] 192.168.6.218 /Home/GrateLog/index
INFO: [ app_init ] --START--
INFO: Run Behavior\BuildLiteBehavior [ RunTime:0.000024s ]
INFO: [ app_init ] --END-- [ RunTime:0.000646s ]
INFO: [ app_begin ] --START--
INFO: Run Behavior\ReadHtmlCacheBehavior [ RunTime:0.000796s ]
INFO: [ app_begin ] --END-- [ RunTime:0.000881s ]
SQL: 			select count(*) FROM `dh_grates_log`
		left join dh_inst on dh_grates_log.grates_log_inst= dh_inst.inst_no 
        left join (SELECT e1.inst_no,e1.inst_name,e2.inst_no county,e2.inst_name countyname,e3.inst_no city,e3.inst_name cityname FROM `dh_inst` e1 left join dh_inst e2 on e1.inst_per=e2.inst_no left join dh_inst e3 on e2.inst_per=e3.inst_no) instno 
		on dh_grates_log.grates_log_inst=instno.inst_no  where 1=1  [ RunTime:0.0178s ]
SQL: 		select  grates_log_inst,dh_inst.inst_name,grates_log_time,grates_log_username,grates_log_past,grates_log_now   FROM `dh_grates_log`
		left join dh_inst on dh_grates_log.grates_log_inst= dh_inst.inst_no 
        left join (SELECT e1.inst_no,e1.inst_name,e2.inst_no county,e2.inst_name countyname,e3.inst_no city,e3.inst_name cityname FROM `dh_inst` e1 left join dh_inst e2 on e1.inst_per=e2.inst_no left join dh_inst e3 on e2.inst_per=e3.inst_no) instno 
		on dh_grates_log.grates_log_inst=instno.inst_no  where 1=1  limit 0,10 [ RunTime:0.0154s ]
INFO: [ view_parse ] --START--
INFO: [ template_filter ] --START--
INFO: Run Behavior\ContentReplaceBehavior [ RunTime:0.000086s ]
INFO: [ template_filter ] --END-- [ RunTime:0.000143s ]
NOTIC: [8] Undefined variable: path /home/exchange/www/Runtime/Cache/Home/6a6ccc6e98b855b4ce4d7e39762322ce.php 第 168 行.
INFO: Run Behavior\ParseTemplateBehavior [ RunTime:0.011383s ]
INFO: [ view_parse ] --END-- [ RunTime:0.011469s ]
INFO: [ view_filter ] --START--
INFO: Run Behavior\WriteHtmlCacheBehavior [ RunTime:0.000161s ]
INFO: [ view_filter ] --END-- [ RunTime:0.000216s ]
INFO: [ app_end ] --START--
INFO: Run Behavior\ShowPageTraceBehavior [ RunTime:0.000575s ]
INFO: [ app_end ] --END-- [ RunTime:0.000643s ]

[ 2016-07-07T16:31:15+08:00 ] 192.168.6.218 /Home/GrateLog/index
INFO: [ app_init ] --START--
INFO: Run Behavior\BuildLiteBehavior [ RunTime:0.000023s ]
INFO: [ app_init ] --END-- [ RunTime:0.000520s ]
INFO: [ app_begin ] --START--
INFO: Run Behavior\ReadHtmlCacheBehavior [ RunTime:0.000655s ]
INFO: [ app_begin ] --END-- [ RunTime:0.000727s ]
SQL: 			select count(*) FROM `dh_grates_log`
		left join dh_inst on dh_grates_log.grates_log_inst= dh_inst.inst_no 
        left join (SELECT e1.inst_no,e1.inst_name,e2.inst_no county,e2.inst_name countyname,e3.inst_no city,e3.inst_name cityname FROM `dh_inst` e1 left join dh_inst e2 on e1.inst_per=e2.inst_no left join dh_inst e3 on e2.inst_per=e3.inst_no) instno 
		on dh_grates_log.grates_log_inst=instno.inst_no  where 1=1  [ RunTime:0.0106s ]
SQL: 		select  grates_log_inst,dh_inst.inst_name,grates_log_time,grates_log_username,grates_log_past,grates_log_now   FROM `dh_grates_log`
		left join dh_inst on dh_grates_log.grates_log_inst= dh_inst.inst_no 
        left join (SELECT e1.inst_no,e1.inst_name,e2.inst_no county,e2.inst_name countyname,e3.inst_no city,e3.inst_name cityname FROM `dh_inst` e1 left join dh_inst e2 on e1.inst_per=e2.inst_no left join dh_inst e3 on e2.inst_per=e3.inst_no) instno 
		on dh_grates_log.grates_log_inst=instno.inst_no  where 1=1  limit 0,10 [ RunTime:0.0095s ]
INFO: [ view_parse ] --START--
INFO: [ template_filter ] --START--
INFO: Run Behavior\ContentReplaceBehavior [ RunTime:0.000086s ]
INFO: [ template_filter ] --END-- [ RunTime:0.000140s ]
NOTIC: [8] Undefined variable: path /home/exchange/www/Runtime/Cache/Home/6a6ccc6e98b855b4ce4d7e39762322ce.php 第 168 行.
INFO: Run Behavior\ParseTemplateBehavior [ RunTime:0.010813s ]
INFO: [ view_parse ] --END-- [ RunTime:0.010865s ]
INFO: [ view_filter ] --START--
INFO: Run Behavior\WriteHtmlCacheBehavior [ RunTime:0.000147s ]
INFO: [ view_filter ] --END-- [ RunTime:0.000192s ]
INFO: [ app_end ] --START--
INFO: Run Behavior\ShowPageTraceBehavior [ RunTime:0.000478s ]
INFO: [ app_end ] --END-- [ RunTime:0.000559s ]

[ 2016-07-07T16:31:15+08:00 ] 192.168.6.218 /Home/Index/getInstno
INFO: [ app_init ] --START--
INFO: Run Behavior\BuildLiteBehavior [ RunTime:0.000017s ]
INFO: [ app_init ] --END-- [ RunTime:0.000369s ]
INFO: [ app_begin ] --START--
INFO: Run Behavior\ReadHtmlCacheBehavior [ RunTime:0.000505s ]
INFO: [ app_begin ] --END-- [ RunTime:0.000556s ]
SQL: SHOW COLUMNS FROM `dh_inst` [ RunTime:0.0009s ]
SQL: SELECT * FROM `dh_inst` WHERE ( inst_lv=2 )  [ RunTime:0.0016s ]
INFO: [ app_end ] --START--
INFO: Run Behavior\ShowPageTraceBehavior [ RunTime:0.000506s ]
INFO: [ app_end ] --END-- [ RunTime:0.000560s ]

[ 2016-07-07T16:31:18+08:00 ] 192.168.6.218 /Home/Active/index
INFO: [ app_init ] --START--
INFO: Run Behavior\BuildLiteBehavior [ RunTime:0.000025s ]
INFO: [ app_init ] --END-- [ RunTime:0.000555s ]
INFO: [ app_begin ] --START--
INFO: Run Behavior\ReadHtmlCacheBehavior [ RunTime:0.000794s ]
INFO: [ app_begin ] --END-- [ RunTime:0.000880s ]
SQL: SHOW COLUMNS FROM `dh_actives` [ RunTime:0.0024s ]
SQL: SELECT COUNT(*) AS tp_count FROM `dh_actives` WHERE `actives_name` LIKE '%%' LIMIT 1   [ RunTime:0.0005s ]
SQL: SELECT * FROM `dh_actives` WHERE `actives_name` LIKE '%%' LIMIT 0,5   [ RunTime:0.0005s ]
INFO: [ view_parse ] --START--
INFO: [ template_filter ] --START--
INFO: Run Behavior\ContentReplaceBehavior [ RunTime:0.000142s ]
INFO: [ template_filter ] --END-- [ RunTime:0.000578s ]
NOTIC: [8] Undefined index: cus_ctf /home/exchange/www/Runtime/Cache/Home/a049dcf33b40231446b10c03ca3fb0d1.php 第 135 行.
NOTIC: [8] Undefined index: cus_ctf /home/exchange/www/Runtime/Cache/Home/a049dcf33b40231446b10c03ca3fb0d1.php 第 135 行.
NOTIC: [8] Undefined index: cus_ctf /home/exchange/www/Runtime/Cache/Home/a049dcf33b40231446b10c03ca3fb0d1.php 第 135 行.
NOTIC: [8] Undefined index: cus_ctf /home/exchange/www/Runtime/Cache/Home/a049dcf33b40231446b10c03ca3fb0d1.php 第 135 行.
NOTIC: [8] Undefined index: cus_ctf /home/exchange/www/Runtime/Cache/Home/a049dcf33b40231446b10c03ca3fb0d1.php 第 135 行.
NOTIC: [8] Undefined variable: path /home/exchange/www/Runtime/Cache/Home/a049dcf33b40231446b10c03ca3fb0d1.php 第 163 行.
INFO: Run Behavior\ParseTemplateBehavior [ RunTime:0.016380s ]
INFO: [ view_parse ] --END-- [ RunTime:0.016511s ]
INFO: [ view_filter ] --START--
INFO: Run Behavior\WriteHtmlCacheBehavior [ RunTime:0.000239s ]
INFO: [ view_filter ] --END-- [ RunTime:0.000317s ]
INFO: [ app_end ] --START--
INFO: Run Behavior\ShowPageTraceBehavior [ RunTime:0.000842s ]
INFO: [ app_end ] --END-- [ RunTime:0.000916s ]

[ 2016-07-07T16:31:18+08:00 ] 192.168.6.218 /Home/Active/index
INFO: [ app_init ] --START--
INFO: Run Behavior\BuildLiteBehavior [ RunTime:0.000023s ]
INFO: [ app_init ] --END-- [ RunTime:0.000556s ]
INFO: [ app_begin ] --START--
INFO: Run Behavior\ReadHtmlCacheBehavior [ RunTime:0.000774s ]
INFO: [ app_begin ] --END-- [ RunTime:0.000861s ]
SQL: SHOW COLUMNS FROM `dh_actives` [ RunTime:0.0013s ]
SQL: SELECT COUNT(*) AS tp_count FROM `dh_actives` WHERE `actives_name` LIKE '%%' LIMIT 1   [ RunTime:0.0005s ]
SQL: SELECT * FROM `dh_actives` WHERE `actives_name` LIKE '%%' LIMIT 0,5   [ RunTime:0.0004s ]
INFO: [ view_parse ] --START--
INFO: [ template_filter ] --START--
INFO: Run Behavior\ContentReplaceBehavior [ RunTime:0.000190s ]
INFO: [ template_filter ] --END-- [ RunTime:0.000285s ]
NOTIC: [8] Undefined index: cus_ctf /home/exchange/www/Runtime/Cache/Home/a049dcf33b40231446b10c03ca3fb0d1.php 第 135 行.
NOTIC: [8] Undefined index: cus_ctf /home/exchange/www/Runtime/Cache/Home/a049dcf33b40231446b10c03ca3fb0d1.php 第 135 行.
NOTIC: [8] Undefined index: cus_ctf /home/exchange/www/Runtime/Cache/Home/a049dcf33b40231446b10c03ca3fb0d1.php 第 135 行.
NOTIC: [8] Undefined index: cus_ctf /home/exchange/www/Runtime/Cache/Home/a049dcf33b40231446b10c03ca3fb0d1.php 第 135 行.
NOTIC: [8] Undefined index: cus_ctf /home/exchange/www/Runtime/Cache/Home/a049dcf33b40231446b10c03ca3fb0d1.php 第 135 行.
NOTIC: [8] Undefined variable: path /home/exchange/www/Runtime/Cache/Home/a049dcf33b40231446b10c03ca3fb0d1.php 第 163 行.
INFO: Run Behavior\ParseTemplateBehavior [ RunTime:0.015534s ]
INFO: [ view_parse ] --END-- [ RunTime:0.015609s ]
INFO: [ view_filter ] --START--
INFO: Run Behavior\WriteHtmlCacheBehavior [ RunTime:0.000298s ]
INFO: [ view_filter ] --END-- [ RunTime:0.000368s ]
INFO: [ app_end ] --START--
INFO: Run Behavior\ShowPageTraceBehavior [ RunTime:0.000767s ]
INFO: [ app_end ] --END-- [ RunTime:0.000859s ]

[ 2016-07-07T16:31:18+08:00 ] 192.168.6.218 /Home/Index/getInstno
INFO: [ app_init ] --START--
INFO: Run Behavior\BuildLiteBehavior [ RunTime:0.000021s ]
INFO: [ app_init ] --END-- [ RunTime:0.000555s ]
INFO: [ app_begin ] --START--
INFO: Run Behavior\ReadHtmlCacheBehavior [ RunTime:0.000787s ]
INFO: [ app_begin ] --END-- [ RunTime:0.000864s ]
SQL: SHOW COLUMNS FROM `dh_inst` [ RunTime:0.0012s ]
SQL: SELECT * FROM `dh_inst` WHERE ( inst_lv=2 )  [ RunTime:0.0025s ]
INFO: [ app_end ] --START--
INFO: Run Behavior\ShowPageTraceBehavior [ RunTime:0.000809s ]
INFO: [ app_end ] --END-- [ RunTime:0.000891s ]

[ 2016-07-07T16:31:29+08:00 ] 192.168.6.218 /Home/Grocery/index
INFO: [ app_init ] --START--
INFO: Run Behavior\BuildLiteBehavior [ RunTime:0.000033s ]
INFO: [ app_init ] --END-- [ RunTime:0.000619s ]
INFO: [ app_begin ] --START--
INFO: Run Behavior\ReadHtmlCacheBehavior [ RunTime:0.000800s ]
INFO: [ app_begin ] --END-- [ RunTime:0.000902s ]
SQL: 					select count(*) FROM `dh_inst_grocery`
					left join `dh_gift` on dh_inst_grocery.inst_gift_code = dh_gift.gift_code
					left join dh_inst on dh_inst.inst_no=  dh_inst_grocery.inst_no
					 where 1=1 and dh_inst_grocery.inst_no='34000010'   [ RunTime:0.0010s ]
SQL: 					select  dh_inst_grocery.id,dh_inst.inst_name,dh_gift.gift_name,inst_gift_code,inst_gift_grate,inst_gift_source,giftlog_type,inst_gift_num FROM `dh_inst_grocery`
					left join `dh_gift` on dh_inst_grocery.inst_gift_code = dh_gift.gift_code
					left join dh_inst on dh_inst.inst_no=  dh_inst_grocery.inst_no
					 where 1=1 and dh_inst_grocery.inst_no='34000010'  
					order by dh_inst.inst_name,inst_gift_code limit 0,10 [ RunTime:0.0011s ]
INFO: [ view_parse ] --START--
INFO: [ template_filter ] --START--
INFO: Run Behavior\ContentReplaceBehavior [ RunTime:0.000139s ]
INFO: [ template_filter ] --END-- [ RunTime:0.000223s ]
NOTIC: [8] Undefined index: cus_state /home/exchange/www/Runtime/Cache/Home/9268d4118b6961f16a1c81b6cbe637df.php 第 166 行.
NOTIC: [8] Undefined index: cus_ctf /home/exchange/www/Runtime/Cache/Home/9268d4118b6961f16a1c81b6cbe637df.php 第 172 行.
NOTIC: [8] Undefined index: cus_state /home/exchange/www/Runtime/Cache/Home/9268d4118b6961f16a1c81b6cbe637df.php 第 166 行.
NOTIC: [8] Undefined index: cus_ctf /home/exchange/www/Runtime/Cache/Home/9268d4118b6961f16a1c81b6cbe637df.php 第 172 行.
NOTIC: [8] Undefined index: cus_state /home/exchange/www/Runtime/Cache/Home/9268d4118b6961f16a1c81b6cbe637df.php 第 166 行.
NOTIC: [8] Undefined index: cus_ctf /home/exchange/www/Runtime/Cache/Home/9268d4118b6961f16a1c81b6cbe637df.php 第 172 行.
NOTIC: [8] Undefined index: cus_state /home/exchange/www/Runtime/Cache/Home/9268d4118b6961f16a1c81b6cbe637df.php 第 166 行.
NOTIC: [8] Undefined index: cus_ctf /home/exchange/www/Runtime/Cache/Home/9268d4118b6961f16a1c81b6cbe637df.php 第 172 行.
NOTIC: [8] Undefined index: cus_state /home/exchange/www/Runtime/Cache/Home/9268d4118b6961f16a1c81b6cbe637df.php 第 166 行.
NOTIC: [8] Undefined index: cus_ctf /home/exchange/www/Runtime/Cache/Home/9268d4118b6961f16a1c81b6cbe637df.php 第 172 行.
NOTIC: [8] Undefined index: cus_state /home/exchange/www/Runtime/Cache/Home/9268d4118b6961f16a1c81b6cbe637df.php 第 166 行.
NOTIC: [8] Undefined index: cus_ctf /home/exchange/www/Runtime/Cache/Home/9268d4118b6961f16a1c81b6cbe637df.php 第 172 行.
NOTIC: [8] Undefined variable: path /home/exchange/www/Runtime/Cache/Home/9268d4118b6961f16a1c81b6cbe637df.php 第 192 行.
INFO: Run Behavior\ParseTemplateBehavior [ RunTime:0.021402s ]
INFO: [ view_parse ] --END-- [ RunTime:0.021503s ]
INFO: [ view_filter ] --START--
INFO: Run Behavior\WriteHtmlCacheBehavior [ RunTime:0.000246s ]
INFO: [ view_filter ] --END-- [ RunTime:0.000314s ]
INFO: [ app_end ] --START--
INFO: Run Behavior\ShowPageTraceBehavior [ RunTime:0.000822s ]
INFO: [ app_end ] --END-- [ RunTime:0.000940s ]

[ 2016-07-07T16:31:29+08:00 ] 192.168.6.218 /Home/Grocery/index
INFO: [ app_init ] --START--
INFO: Run Behavior\BuildLiteBehavior [ RunTime:0.000025s ]
INFO: [ app_init ] --END-- [ RunTime:0.000648s ]
INFO: [ app_begin ] --START--
INFO: Run Behavior\ReadHtmlCacheBehavior [ RunTime:0.000724s ]
INFO: [ app_begin ] --END-- [ RunTime:0.000859s ]
SQL: 					select count(*) FROM `dh_inst_grocery`
					left join `dh_gift` on dh_inst_grocery.inst_gift_code = dh_gift.gift_code
					left join dh_inst on dh_inst.inst_no=  dh_inst_grocery.inst_no
					 where 1=1 and dh_inst_grocery.inst_no='34000010'   [ RunTime:0.0009s ]
SQL: 					select  dh_inst_grocery.id,dh_inst.inst_name,dh_gift.gift_name,inst_gift_code,inst_gift_grate,inst_gift_source,giftlog_type,inst_gift_num FROM `dh_inst_grocery`
					left join `dh_gift` on dh_inst_grocery.inst_gift_code = dh_gift.gift_code
					left join dh_inst on dh_inst.inst_no=  dh_inst_grocery.inst_no
					 where 1=1 and dh_inst_grocery.inst_no='34000010'  
					order by dh_inst.inst_name,inst_gift_code limit 0,10 [ RunTime:0.0009s ]
INFO: [ view_parse ] --START--
INFO: [ template_filter ] --START--
INFO: Run Behavior\ContentReplaceBehavior [ RunTime:0.000138s ]
INFO: [ template_filter ] --END-- [ RunTime:0.000220s ]
NOTIC: [8] Undefined index: cus_state /home/exchange/www/Runtime/Cache/Home/9268d4118b6961f16a1c81b6cbe637df.php 第 166 行.
NOTIC: [8] Undefined index: cus_ctf /home/exchange/www/Runtime/Cache/Home/9268d4118b6961f16a1c81b6cbe637df.php 第 172 行.
NOTIC: [8] Undefined index: cus_state /home/exchange/www/Runtime/Cache/Home/9268d4118b6961f16a1c81b6cbe637df.php 第 166 行.
NOTIC: [8] Undefined index: cus_ctf /home/exchange/www/Runtime/Cache/Home/9268d4118b6961f16a1c81b6cbe637df.php 第 172 行.
NOTIC: [8] Undefined index: cus_state /home/exchange/www/Runtime/Cache/Home/9268d4118b6961f16a1c81b6cbe637df.php 第 166 行.
NOTIC: [8] Undefined index: cus_ctf /home/exchange/www/Runtime/Cache/Home/9268d4118b6961f16a1c81b6cbe637df.php 第 172 行.
NOTIC: [8] Undefined index: cus_state /home/exchange/www/Runtime/Cache/Home/9268d4118b6961f16a1c81b6cbe637df.php 第 166 行.
NOTIC: [8] Undefined index: cus_ctf /home/exchange/www/Runtime/Cache/Home/9268d4118b6961f16a1c81b6cbe637df.php 第 172 行.
NOTIC: [8] Undefined index: cus_state /home/exchange/www/Runtime/Cache/Home/9268d4118b6961f16a1c81b6cbe637df.php 第 166 行.
NOTIC: [8] Undefined index: cus_ctf /home/exchange/www/Runtime/Cache/Home/9268d4118b6961f16a1c81b6cbe637df.php 第 172 行.
NOTIC: [8] Undefined index: cus_state /home/exchange/www/Runtime/Cache/Home/9268d4118b6961f16a1c81b6cbe637df.php 第 166 行.
NOTIC: [8] Undefined index: cus_ctf /home/exchange/www/Runtime/Cache/Home/9268d4118b6961f16a1c81b6cbe637df.php 第 172 行.
NOTIC: [8] Undefined variable: path /home/exchange/www/Runtime/Cache/Home/9268d4118b6961f16a1c81b6cbe637df.php 第 192 行.
INFO: Run Behavior\ParseTemplateBehavior [ RunTime:0.021243s ]
INFO: [ view_parse ] --END-- [ RunTime:0.021318s ]
INFO: [ view_filter ] --START--
INFO: Run Behavior\WriteHtmlCacheBehavior [ RunTime:0.000235s ]
INFO: [ view_filter ] --END-- [ RunTime:0.000328s ]
INFO: [ app_end ] --START--
INFO: Run Behavior\ShowPageTraceBehavior [ RunTime:0.000822s ]
INFO: [ app_end ] --END-- [ RunTime:0.000953s ]

[ 2016-07-07T16:31:29+08:00 ] 192.168.6.218 /Home/Index/getInstno
INFO: [ app_init ] --START--
INFO: Run Behavior\BuildLiteBehavior [ RunTime:0.000021s ]
INFO: [ app_init ] --END-- [ RunTime:0.000609s ]
INFO: [ app_begin ] --START--
INFO: Run Behavior\ReadHtmlCacheBehavior [ RunTime:0.000745s ]
INFO: [ app_begin ] --END-- [ RunTime:0.000822s ]
SQL: SHOW COLUMNS FROM `dh_inst` [ RunTime:0.0012s ]
SQL: SELECT * FROM `dh_inst` WHERE ( inst_lv=2 )  [ RunTime:0.0025s ]
INFO: [ app_end ] --START--
INFO: Run Behavior\ShowPageTraceBehavior [ RunTime:0.000779s ]
INFO: [ app_end ] --END-- [ RunTime:0.000900s ]

[ 2016-07-07T16:31:29+08:00 ] 192.168.6.218 /Home/GroceryLog/index
INFO: [ app_init ] --START--
INFO: Run Behavior\BuildLiteBehavior [ RunTime:0.000022s ]
INFO: [ app_init ] --END-- [ RunTime:0.000522s ]
INFO: [ app_begin ] --START--
INFO: Run Behavior\ReadHtmlCacheBehavior [ RunTime:0.000787s ]
INFO: [ app_begin ] --END-- [ RunTime:0.000873s ]
INFO: [ view_parse ] --START--
INFO: [ template_filter ] --START--
INFO: Run Behavior\ContentReplaceBehavior [ RunTime:0.000122s ]
INFO: [ template_filter ] --END-- [ RunTime:0.000227s ]
NOTIC: [8] Undefined variable: path /home/exchange/www/Runtime/Cache/Home/ada2d3e3370a01b04bb49ef9440c89cd.php 第 137 行.
INFO: Run Behavior\ParseTemplateBehavior [ RunTime:0.012823s ]
INFO: [ view_parse ] --END-- [ RunTime:0.012900s ]
INFO: [ view_filter ] --START--
INFO: Run Behavior\WriteHtmlCacheBehavior [ RunTime:0.000236s ]
INFO: [ view_filter ] --END-- [ RunTime:0.000305s ]
INFO: [ app_end ] --START--
INFO: Run Behavior\ShowPageTraceBehavior [ RunTime:0.000841s ]
INFO: [ app_end ] --END-- [ RunTime:0.000922s ]

[ 2016-07-07T16:31:30+08:00 ] 192.168.6.218 /Home/GroceryLog/index
INFO: [ app_init ] --START--
INFO: Run Behavior\BuildLiteBehavior [ RunTime:0.000025s ]
INFO: [ app_init ] --END-- [ RunTime:0.000632s ]
INFO: [ app_begin ] --START--
INFO: Run Behavior\ReadHtmlCacheBehavior [ RunTime:0.000749s ]
INFO: [ app_begin ] --END-- [ RunTime:0.000833s ]
INFO: [ view_parse ] --START--
INFO: [ template_filter ] --START--
INFO: Run Behavior\ContentReplaceBehavior [ RunTime:0.000102s ]
INFO: [ template_filter ] --END-- [ RunTime:0.000184s ]
NOTIC: [8] Undefined variable: path /home/exchange/www/Runtime/Cache/Home/ada2d3e3370a01b04bb49ef9440c89cd.php 第 137 行.
INFO: Run Behavior\ParseTemplateBehavior [ RunTime:0.013021s ]
INFO: [ view_parse ] --END-- [ RunTime:0.013094s ]
INFO: [ view_filter ] --START--
INFO: Run Behavior\WriteHtmlCacheBehavior [ RunTime:0.000271s ]
INFO: [ view_filter ] --END-- [ RunTime:0.000362s ]
INFO: [ app_end ] --START--
INFO: Run Behavior\ShowPageTraceBehavior [ RunTime:0.000803s ]
INFO: [ app_end ] --END-- [ RunTime:0.000911s ]

[ 2016-07-07T16:31:30+08:00 ] 192.168.6.218 /Home/Index/getInstno
INFO: [ app_init ] --START--
INFO: Run Behavior\BuildLiteBehavior [ RunTime:0.000020s ]
INFO: [ app_init ] --END-- [ RunTime:0.000507s ]
INFO: [ app_begin ] --START--
INFO: Run Behavior\ReadHtmlCacheBehavior [ RunTime:0.000769s ]
INFO: [ app_begin ] --END-- [ RunTime:0.000847s ]
SQL: SHOW COLUMNS FROM `dh_inst` [ RunTime:0.0015s ]
SQL: SELECT * FROM `dh_inst` WHERE ( inst_lv=2 )  [ RunTime:0.0027s ]
INFO: [ app_end ] --START--
INFO: Run Behavior\ShowPageTraceBehavior [ RunTime:0.000903s ]
INFO: [ app_end ] --END-- [ RunTime:0.000997s ]

[ 2016-07-07T16:31:31+08:00 ] 192.168.6.218 /Home/GroceryLog/buyCheck
INFO: [ app_init ] --START--
INFO: Run Behavior\BuildLiteBehavior [ RunTime:0.000025s ]
INFO: [ app_init ] --END-- [ RunTime:0.000594s ]
INFO: [ app_begin ] --START--
INFO: Run Behavior\ReadHtmlCacheBehavior [ RunTime:0.000798s ]
INFO: [ app_begin ] --END-- [ RunTime:0.000890s ]
SQL: 				select count(*) FROM `dh_bgiftlog`
					left join dh_inst on dh_bgiftlog.bgiftlog_inst=dh_inst.inst_no 
					left join `dh_gift` on dh_bgiftlog.bgiftlog_code = dh_gift.gift_code
					 where 1=1 and  bgiftlog_inst='34000010'   [ RunTime:0.0029s ]
SQL: 					select  dh_inst.inst_name,dh_gift.gift_name,bgiftlog_code,bgiftlog_price,bgiftlog_num,bgiftlog_type,bgiftlog_time,bgiftlog_username,bgiftlog_inst  FROM `dh_bgiftlog`
					left join dh_inst on dh_bgiftlog.bgiftlog_inst=dh_inst.inst_no 
					left join `dh_gift` on dh_bgiftlog.bgiftlog_code = dh_gift.gift_code
					 where 1=1 and  bgiftlog_inst='34000010'   limit 0,10 [ RunTime:0.0008s ]
INFO: [ view_parse ] --START--
INFO: [ template_filter ] --START--
INFO: Run Behavior\ContentReplaceBehavior [ RunTime:0.000129s ]
INFO: [ template_filter ] --END-- [ RunTime:0.000211s ]
NOTIC: [8] Undefined variable: path /home/exchange/www/Runtime/Cache/Home/58ed4267ef3a8871762072952c2fb3fa.php 第 185 行.
INFO: Run Behavior\ParseTemplateBehavior [ RunTime:0.018556s ]
INFO: [ view_parse ] --END-- [ RunTime:0.018632s ]
INFO: [ view_filter ] --START--
INFO: Run Behavior\WriteHtmlCacheBehavior [ RunTime:0.000266s ]
INFO: [ view_filter ] --END-- [ RunTime:0.000354s ]
INFO: [ app_end ] --START--
INFO: Run Behavior\ShowPageTraceBehavior [ RunTime:0.000883s ]
INFO: [ app_end ] --END-- [ RunTime:0.000971s ]

[ 2016-07-07T16:31:32+08:00 ] 192.168.6.218 /Home/GroceryLog/buyCheck
INFO: [ app_init ] --START--
INFO: Run Behavior\BuildLiteBehavior [ RunTime:0.000023s ]
INFO: [ app_init ] --END-- [ RunTime:0.000561s ]
INFO: [ app_begin ] --START--
INFO: Run Behavior\ReadHtmlCacheBehavior [ RunTime:0.000795s ]
INFO: [ app_begin ] --END-- [ RunTime:0.000882s ]
SQL: 				select count(*) FROM `dh_bgiftlog`
					left join dh_inst on dh_bgiftlog.bgiftlog_inst=dh_inst.inst_no 
					left join `dh_gift` on dh_bgiftlog.bgiftlog_code = dh_gift.gift_code
					 where 1=1 and  bgiftlog_inst='34000010'   [ RunTime:0.0009s ]
SQL: 					select  dh_inst.inst_name,dh_gift.gift_name,bgiftlog_code,bgiftlog_price,bgiftlog_num,bgiftlog_type,bgiftlog_time,bgiftlog_username,bgiftlog_inst  FROM `dh_bgiftlog`
					left join dh_inst on dh_bgiftlog.bgiftlog_inst=dh_inst.inst_no 
					left join `dh_gift` on dh_bgiftlog.bgiftlog_code = dh_gift.gift_code
					 where 1=1 and  bgiftlog_inst='34000010'   limit 0,10 [ RunTime:0.0009s ]
INFO: [ view_parse ] --START--
INFO: [ template_filter ] --START--
INFO: Run Behavior\ContentReplaceBehavior [ RunTime:0.000205s ]
INFO: [ template_filter ] --END-- [ RunTime:0.000293s ]
NOTIC: [8] Undefined variable: path /home/exchange/www/Runtime/Cache/Home/58ed4267ef3a8871762072952c2fb3fa.php 第 185 行.
INFO: Run Behavior\ParseTemplateBehavior [ RunTime:0.018707s ]
INFO: [ view_parse ] --END-- [ RunTime:0.018783s ]
INFO: [ view_filter ] --START--
INFO: Run Behavior\WriteHtmlCacheBehavior [ RunTime:0.000242s ]
INFO: [ view_filter ] --END-- [ RunTime:0.000314s ]
INFO: [ app_end ] --START--
INFO: Run Behavior\ShowPageTraceBehavior [ RunTime:0.000861s ]
INFO: [ app_end ] --END-- [ RunTime:0.000941s ]

[ 2016-07-07T16:31:32+08:00 ] 192.168.6.218 /Home/Index/getInstno
INFO: [ app_init ] --START--
INFO: Run Behavior\BuildLiteBehavior [ RunTime:0.000022s ]
INFO: [ app_init ] --END-- [ RunTime:0.000516s ]
INFO: [ app_begin ] --START--
INFO: Run Behavior\ReadHtmlCacheBehavior [ RunTime:0.000733s ]
INFO: [ app_begin ] --END-- [ RunTime:0.000811s ]
SQL: SHOW COLUMNS FROM `dh_inst` [ RunTime:0.0013s ]
SQL: SELECT * FROM `dh_inst` WHERE ( inst_lv=2 )  [ RunTime:0.0026s ]
INFO: [ app_end ] --START--
INFO: Run Behavior\ShowPageTraceBehavior [ RunTime:0.000930s ]
INFO: [ app_end ] --END-- [ RunTime:0.001030s ]

[ 2016-07-07T16:31:34+08:00 ] 192.168.6.218 /Home/GroceryLog/index
INFO: [ app_init ] --START--
INFO: Run Behavior\BuildLiteBehavior [ RunTime:0.000025s ]
INFO: [ app_init ] --END-- [ RunTime:0.000545s ]
INFO: [ app_begin ] --START--
INFO: Run Behavior\ReadHtmlCacheBehavior [ RunTime:0.001073s ]
INFO: [ app_begin ] --END-- [ RunTime:0.001158s ]
INFO: [ view_parse ] --START--
INFO: [ template_filter ] --START--
INFO: Run Behavior\ContentReplaceBehavior [ RunTime:0.000135s ]
INFO: [ template_filter ] --END-- [ RunTime:0.000223s ]
NOTIC: [8] Undefined variable: path /home/exchange/www/Runtime/Cache/Home/ada2d3e3370a01b04bb49ef9440c89cd.php 第 137 行.
INFO: Run Behavior\ParseTemplateBehavior [ RunTime:0.013231s ]
INFO: [ view_parse ] --END-- [ RunTime:0.013304s ]
INFO: [ view_filter ] --START--
INFO: Run Behavior\WriteHtmlCacheBehavior [ RunTime:0.000306s ]
INFO: [ view_filter ] --END-- [ RunTime:0.000376s ]
INFO: [ app_end ] --START--
INFO: Run Behavior\ShowPageTraceBehavior [ RunTime:0.000887s ]
INFO: [ app_end ] --END-- [ RunTime:0.000966s ]

[ 2016-07-07T16:31:34+08:00 ] 192.168.6.218 /Home/GroceryLog/index
INFO: [ app_init ] --START--
INFO: Run Behavior\BuildLiteBehavior [ RunTime:0.000023s ]
INFO: [ app_init ] --END-- [ RunTime:0.000631s ]
INFO: [ app_begin ] --START--
INFO: Run Behavior\ReadHtmlCacheBehavior [ RunTime:0.000754s ]
INFO: [ app_begin ] --END-- [ RunTime:0.000839s ]
INFO: [ view_parse ] --START--
INFO: [ template_filter ] --START--
INFO: Run Behavior\ContentReplaceBehavior [ RunTime:0.000102s ]
INFO: [ template_filter ] --END-- [ RunTime:0.000183s ]
NOTIC: [8] Undefined variable: path /home/exchange/www/Runtime/Cache/Home/ada2d3e3370a01b04bb49ef9440c89cd.php 第 137 行.
INFO: Run Behavior\ParseTemplateBehavior [ RunTime:0.013066s ]
INFO: [ view_parse ] --END-- [ RunTime:0.013141s ]
INFO: [ view_filter ] --START--
INFO: Run Behavior\WriteHtmlCacheBehavior [ RunTime:0.000272s ]
INFO: [ view_filter ] --END-- [ RunTime:0.000362s ]
INFO: [ app_end ] --START--
INFO: Run Behavior\ShowPageTraceBehavior [ RunTime:0.000809s ]
INFO: [ app_end ] --END-- [ RunTime:0.000910s ]

[ 2016-07-07T16:31:34+08:00 ] 192.168.6.218 /Home/Index/getInstno
INFO: [ app_init ] --START--
INFO: Run Behavior\BuildLiteBehavior [ RunTime:0.000021s ]
INFO: [ app_init ] --END-- [ RunTime:0.000607s ]
INFO: [ app_begin ] --START--
INFO: Run Behavior\ReadHtmlCacheBehavior [ RunTime:0.000752s ]
INFO: [ app_begin ] --END-- [ RunTime:0.000829s ]
SQL: SHOW COLUMNS FROM `dh_inst` [ RunTime:0.0015s ]
SQL: SELECT * FROM `dh_inst` WHERE ( inst_lv=2 )  [ RunTime:0.0027s ]
INFO: [ app_end ] --START--
INFO: Run Behavior\ShowPageTraceBehavior [ RunTime:0.000853s ]
INFO: [ app_end ] --END-- [ RunTime:0.000948s ]

[ 2016-07-07T16:31:35+08:00 ] 192.168.6.218 /Home/GroceryLog/sumCheck
INFO: [ app_init ] --START--
INFO: Run Behavior\BuildLiteBehavior [ RunTime:0.000024s ]
INFO: [ app_init ] --END-- [ RunTime:0.000601s ]
INFO: [ app_begin ] --START--
INFO: Run Behavior\ReadHtmlCacheBehavior [ RunTime:0.000788s ]
INFO: [ app_begin ] --END-- [ RunTime:0.000872s ]
SQL: 				select count(*) FROM `dh_inst_grocery`
					left join `dh_gift` on dh_inst_grocery.inst_gift_code = dh_gift.gift_code
					left join dh_inst on dh_inst.inst_no=  dh_inst_grocery.inst_no
					 where 1=1 and  dh_inst_grocery.inst_no='34000010'   [ RunTime:0.0009s ]
SQL: 					select inst_name,inst_no,gift_name,inst_gift_code,inst_gift_source,giftlog_type,
		SUM(CASE alldata.type WHEN 'dui' THEN num ELSE 0 END ) duinum,
		SUM(CASE alldata.type WHEN 'buy' THEN num ELSE 0 END ) buynum,
		SUM(CASE alldata.type WHEN 'rsv' THEN num ELSE 0 END ) resnum,
		SUM(CASE alldata.type WHEN 'ex' THEN num ELSE 0 END ) exnum, 
		SUM(CASE alldata.type WHEN 'des' THEN num ELSE 0 END ) desnum 
		from
		(select dh_inst.inst_name,dh_gift.gift_name,dh_inst_grocery.inst_no,dh_inst_grocery.inst_gift_code,dh_inst_grocery.inst_gift_source,dh_inst_grocery.giftlog_type,
		ifnull(dh_giftlog.giftlog_num,0) num,ifnull("dui",0) type
		from  dh_inst_grocery
		left join dh_gift 		on  dh_inst_grocery.inst_gift_code=dh_gift.gift_code
		left join dh_inst 		on  dh_inst_grocery.inst_no=dh_inst.inst_no
		left join  dh_giftlog	on  
		dh_inst_grocery.inst_gift_code=dh_giftlog.giftlog_code  
		and   dh_inst_grocery.inst_no=dh_giftlog.giftlog_inst     
		and   dh_inst_grocery.inst_gift_source=dh_giftlog.giftlog_source     
		and   dh_inst_grocery.giftlog_type=dh_giftlog.giftlog_type
		 where 1=1 and  dh_inst_grocery.inst_no='34000010'   and dh_giftlog.giftlog_time>='2016-07-01 00:00:00'  and dh_giftlog.giftlog_time<='2016-07-31 23:59:59' 
		Union All
		select dh_inst.inst_name,dh_gift.gift_name,dh_inst_grocery.inst_no,dh_inst_grocery.inst_gift_code,dh_inst_grocery.inst_gift_source,dh_inst_grocery.giftlog_type,
		ifnull(dh_bgiftlog.bgiftlog_num,0) num,ifnull("buy",0) type
		from  dh_inst_grocery
		left join dh_gift 		on  dh_inst_grocery.inst_gift_code=dh_gift.gift_code
		left join dh_inst 		on  dh_inst_grocery.inst_no=dh_inst.inst_no
		left join dh_bgiftlog	on  
		dh_inst_grocery.inst_gift_code=dh_bgiftlog.bgiftlog_code  
		and   dh_inst_grocery.inst_no=dh_bgiftlog.bgiftlog_inst     
		and   dh_inst_grocery.giftlog_type=dh_bgiftlog.bgiftlog_type
		 where 1=1 and  dh_inst_grocery.inst_no='34000010'    and dh_bgiftlog.bgiftlog_time >='2016-07-01 00:00:00'  and dh_bgiftlog.bgiftlog_time <='2016-07-31 23:59:59'
		Union All
		select dh_inst.inst_name,dh_gift.gift_name,dh_inst_grocery.inst_no,dh_inst_grocery.inst_gift_code,dh_inst_grocery.inst_gift_source,dh_inst_grocery.giftlog_type,
		ifnull(dh_rvgiftlog.rvgiftlog_num,0) num,ifnull("rsv",0) type
		from  dh_inst_grocery
		left join dh_gift 		on  dh_inst_grocery.inst_gift_code=dh_gift.gift_code
		left join dh_inst 		on  dh_inst_grocery.inst_no=dh_inst.inst_no
		left join dh_rvgiftlog	on  
		dh_inst_grocery.inst_gift_code=dh_rvgiftlog.rvgiftlog_code  
		and   dh_inst_grocery.inst_no=dh_rvgiftlog.rvgiftlog_inst     
		and   dh_inst_grocery.giftlog_type=dh_rvgiftlog.rvgiftlog_type
		 where 1=1 and  dh_inst_grocery.inst_no='34000010'   and  dh_rvgiftlog.rvgiftlog_time >='2016-07-01 00:00:00'  and  dh_rvgiftlog.rvgiftlog_time <='2016-07-31 23:59:59'
		Union All
		select dh_inst.inst_name,dh_gift.gift_name,dh_inst_grocery.inst_no,dh_inst_grocery.inst_gift_code,dh_inst_grocery.inst_gift_source,dh_inst_grocery.giftlog_type,
		ifnull(dh_exgiftlog.exgiftlog_num,0) num,ifnull("ex",0) type
		from  dh_inst_grocery
		left join dh_gift 		on  dh_inst_grocery.inst_gift_code=dh_gift.gift_code
		left join dh_inst 		on  dh_inst_grocery.inst_no=dh_inst.inst_no
		left join  dh_exgiftlog	on  
		dh_inst_grocery.inst_gift_code=dh_exgiftlog.exgiftlog_code  
		and   dh_inst_grocery.inst_no=dh_exgiftlog.exgiftlog_inst     
		and   dh_inst_grocery.inst_gift_source=dh_exgiftlog.exgiftlog_source     
		and   dh_inst_grocery.giftlog_type=dh_exgiftlog.exgiftlog_type
		 where 1=1 and  dh_inst_grocery.inst_no='34000010'   and  dh_exgiftlog.exgiftlog_time>='2016-07-01 00:00:00'  and  dh_exgiftlog.exgiftlog_time<='2016-07-31 23:59:59'
		Union All
		select dh_inst.inst_name,dh_gift.gift_name,dh_inst_grocery.inst_no,dh_inst_grocery.inst_gift_code,dh_inst_grocery.inst_gift_source,dh_inst_grocery.giftlog_type,
		ifnull(dh_desgiftlog.desgiftlog_num,0) num,ifnull("des",0) type
		from  dh_inst_grocery
		left join dh_gift 		on  dh_inst_grocery.inst_gift_code=dh_gift.gift_code
		left join dh_inst 		on  dh_inst_grocery.inst_no=dh_inst.inst_no
		left join dh_desgiftlog	on  
		dh_inst_grocery.inst_gift_code=dh_desgiftlog.desgiftlog_code  
		and   dh_inst_grocery.inst_no=dh_desgiftlog.desgiftlog_inst     
		and   dh_inst_grocery.inst_gift_source=dh_desgiftlog.desgiftlog_source     
		and   dh_inst_grocery.giftlog_type=dh_desgiftlog.desgiftlog_type
		 where 1=1 and  dh_inst_grocery.inst_no='34000010'   and dh_desgiftlog.desgiftlog_time>='2016-07-01 00:00:00'  and dh_desgiftlog.desgiftlog_time<='2016-07-31 23:59:59'
		) alldata
		group by inst_no,inst_gift_code,inst_gift_source,giftlog_type limit 0,10 [ RunTime:0.0099s ]
INFO: [ view_parse ] --START--
INFO: [ template_filter ] --START--
INFO: Run Behavior\ContentReplaceBehavior [ RunTime:0.000173s ]
INFO: [ template_filter ] --END-- [ RunTime:0.000301s ]
NOTIC: [8] Undefined variable: path /home/exchange/www/Runtime/Cache/Home/a0da3af1b1297d0f3ef5cc5055d21d00.php 第 185 行.
INFO: Run Behavior\ParseTemplateBehavior [ RunTime:0.019011s ]
INFO: [ view_parse ] --END-- [ RunTime:0.019093s ]
INFO: [ view_filter ] --START--
INFO: Run Behavior\WriteHtmlCacheBehavior [ RunTime:0.000233s ]
INFO: [ view_filter ] --END-- [ RunTime:0.000303s ]
INFO: [ app_end ] --START--
INFO: Run Behavior\ShowPageTraceBehavior [ RunTime:0.000836s ]
INFO: [ app_end ] --END-- [ RunTime:0.000909s ]

[ 2016-07-07T16:31:35+08:00 ] 192.168.6.218 /Home/GroceryLog/sumCheck
INFO: [ app_init ] --START--
INFO: Run Behavior\BuildLiteBehavior [ RunTime:0.000024s ]
INFO: [ app_init ] --END-- [ RunTime:0.000639s ]
INFO: [ app_begin ] --START--
INFO: Run Behavior\ReadHtmlCacheBehavior [ RunTime:0.001096s ]
INFO: [ app_begin ] --END-- [ RunTime:0.001249s ]
SQL: 				select count(*) FROM `dh_inst_grocery`
					left join `dh_gift` on dh_inst_grocery.inst_gift_code = dh_gift.gift_code
					left join dh_inst on dh_inst.inst_no=  dh_inst_grocery.inst_no
					 where 1=1 and  dh_inst_grocery.inst_no='34000010'   [ RunTime:0.0010s ]
SQL: 					select inst_name,inst_no,gift_name,inst_gift_code,inst_gift_source,giftlog_type,
		SUM(CASE alldata.type WHEN 'dui' THEN num ELSE 0 END ) duinum,
		SUM(CASE alldata.type WHEN 'buy' THEN num ELSE 0 END ) buynum,
		SUM(CASE alldata.type WHEN 'rsv' THEN num ELSE 0 END ) resnum,
		SUM(CASE alldata.type WHEN 'ex' THEN num ELSE 0 END ) exnum, 
		SUM(CASE alldata.type WHEN 'des' THEN num ELSE 0 END ) desnum 
		from
		(select dh_inst.inst_name,dh_gift.gift_name,dh_inst_grocery.inst_no,dh_inst_grocery.inst_gift_code,dh_inst_grocery.inst_gift_source,dh_inst_grocery.giftlog_type,
		ifnull(dh_giftlog.giftlog_num,0) num,ifnull("dui",0) type
		from  dh_inst_grocery
		left join dh_gift 		on  dh_inst_grocery.inst_gift_code=dh_gift.gift_code
		left join dh_inst 		on  dh_inst_grocery.inst_no=dh_inst.inst_no
		left join  dh_giftlog	on  
		dh_inst_grocery.inst_gift_code=dh_giftlog.giftlog_code  
		and   dh_inst_grocery.inst_no=dh_giftlog.giftlog_inst     
		and   dh_inst_grocery.inst_gift_source=dh_giftlog.giftlog_source     
		and   dh_inst_grocery.giftlog_type=dh_giftlog.giftlog_type
		 where 1=1 and  dh_inst_grocery.inst_no='34000010'   and dh_giftlog.giftlog_time>='2016-07-01 00:00:00'  and dh_giftlog.giftlog_time<='2016-07-31 23:59:59' 
		Union All
		select dh_inst.inst_name,dh_gift.gift_name,dh_inst_grocery.inst_no,dh_inst_grocery.inst_gift_code,dh_inst_grocery.inst_gift_source,dh_inst_grocery.giftlog_type,
		ifnull(dh_bgiftlog.bgiftlog_num,0) num,ifnull("buy",0) type
		from  dh_inst_grocery
		left join dh_gift 		on  dh_inst_grocery.inst_gift_code=dh_gift.gift_code
		left join dh_inst 		on  dh_inst_grocery.inst_no=dh_inst.inst_no
		left join dh_bgiftlog	on  
		dh_inst_grocery.inst_gift_code=dh_bgiftlog.bgiftlog_code  
		and   dh_inst_grocery.inst_no=dh_bgiftlog.bgiftlog_inst     
		and   dh_inst_grocery.giftlog_type=dh_bgiftlog.bgiftlog_type
		 where 1=1 and  dh_inst_grocery.inst_no='34000010'    and dh_bgiftlog.bgiftlog_time >='2016-07-01 00:00:00'  and dh_bgiftlog.bgiftlog_time <='2016-07-31 23:59:59'
		Union All
		select dh_inst.inst_name,dh_gift.gift_name,dh_inst_grocery.inst_no,dh_inst_grocery.inst_gift_code,dh_inst_grocery.inst_gift_source,dh_inst_grocery.giftlog_type,
		ifnull(dh_rvgiftlog.rvgiftlog_num,0) num,ifnull("rsv",0) type
		from  dh_inst_grocery
		left join dh_gift 		on  dh_inst_grocery.inst_gift_code=dh_gift.gift_code
		left join dh_inst 		on  dh_inst_grocery.inst_no=dh_inst.inst_no
		left join dh_rvgiftlog	on  
		dh_inst_grocery.inst_gift_code=dh_rvgiftlog.rvgiftlog_code  
		and   dh_inst_grocery.inst_no=dh_rvgiftlog.rvgiftlog_inst     
		and   dh_inst_grocery.giftlog_type=dh_rvgiftlog.rvgiftlog_type
		 where 1=1 and  dh_inst_grocery.inst_no='34000010'   and  dh_rvgiftlog.rvgiftlog_time >='2016-07-01 00:00:00'  and  dh_rvgiftlog.rvgiftlog_time <='2016-07-31 23:59:59'
		Union All
		select dh_inst.inst_name,dh_gift.gift_name,dh_inst_grocery.inst_no,dh_inst_grocery.inst_gift_code,dh_inst_grocery.inst_gift_source,dh_inst_grocery.giftlog_type,
		ifnull(dh_exgiftlog.exgiftlog_num,0) num,ifnull("ex",0) type
		from  dh_inst_grocery
		left join dh_gift 		on  dh_inst_grocery.inst_gift_code=dh_gift.gift_code
		left join dh_inst 		on  dh_inst_grocery.inst_no=dh_inst.inst_no
		left join  dh_exgiftlog	on  
		dh_inst_grocery.inst_gift_code=dh_exgiftlog.exgiftlog_code  
		and   dh_inst_grocery.inst_no=dh_exgiftlog.exgiftlog_inst     
		and   dh_inst_grocery.inst_gift_source=dh_exgiftlog.exgiftlog_source     
		and   dh_inst_grocery.giftlog_type=dh_exgiftlog.exgiftlog_type
		 where 1=1 and  dh_inst_grocery.inst_no='34000010'   and  dh_exgiftlog.exgiftlog_time>='2016-07-01 00:00:00'  and  dh_exgiftlog.exgiftlog_time<='2016-07-31 23:59:59'
		Union All
		select dh_inst.inst_name,dh_gift.gift_name,dh_inst_grocery.inst_no,dh_inst_grocery.inst_gift_code,dh_inst_grocery.inst_gift_source,dh_inst_grocery.giftlog_type,
		ifnull(dh_desgiftlog.desgiftlog_num,0) num,ifnull("des",0) type
		from  dh_inst_grocery
		left join dh_gift 		on  dh_inst_grocery.inst_gift_code=dh_gift.gift_code
		left join dh_inst 		on  dh_inst_grocery.inst_no=dh_inst.inst_no
		left join dh_desgiftlog	on  
		dh_inst_grocery.inst_gift_code=dh_desgiftlog.desgiftlog_code  
		and   dh_inst_grocery.inst_no=dh_desgiftlog.desgiftlog_inst     
		and   dh_inst_grocery.inst_gift_source=dh_desgiftlog.desgiftlog_source     
		and   dh_inst_grocery.giftlog_type=dh_desgiftlog.desgiftlog_type
		 where 1=1 and  dh_inst_grocery.inst_no='34000010'   and dh_desgiftlog.desgiftlog_time>='2016-07-01 00:00:00'  and dh_desgiftlog.desgiftlog_time<='2016-07-31 23:59:59'
		) alldata
		group by inst_no,inst_gift_code,inst_gift_source,giftlog_type limit 0,10 [ RunTime:0.0040s ]
INFO: [ view_parse ] --START--
INFO: [ template_filter ] --START--
INFO: Run Behavior\ContentReplaceBehavior [ RunTime:0.000132s ]
INFO: [ template_filter ] --END-- [ RunTime:0.000212s ]
NOTIC: [8] Undefined variable: path /home/exchange/www/Runtime/Cache/Home/a0da3af1b1297d0f3ef5cc5055d21d00.php 第 185 行.
INFO: Run Behavior\ParseTemplateBehavior [ RunTime:0.018762s ]
INFO: [ view_parse ] --END-- [ RunTime:0.018886s ]
INFO: [ view_filter ] --START--
INFO: Run Behavior\WriteHtmlCacheBehavior [ RunTime:0.000237s ]
INFO: [ view_filter ] --END-- [ RunTime:0.000323s ]
INFO: [ app_end ] --START--
INFO: Run Behavior\ShowPageTraceBehavior [ RunTime:0.000853s ]
INFO: [ app_end ] --END-- [ RunTime:0.000926s ]

[ 2016-07-07T16:31:36+08:00 ] 192.168.6.218 /Home/Index/getInstno
INFO: [ app_init ] --START--
INFO: Run Behavior\BuildLiteBehavior [ RunTime:0.000022s ]
INFO: [ app_init ] --END-- [ RunTime:0.000556s ]
INFO: [ app_begin ] --START--
INFO: Run Behavior\ReadHtmlCacheBehavior [ RunTime:0.000722s ]
INFO: [ app_begin ] --END-- [ RunTime:0.000822s ]
SQL: SHOW COLUMNS FROM `dh_inst` [ RunTime:0.0013s ]
SQL: SELECT * FROM `dh_inst` WHERE ( inst_lv=2 )  [ RunTime:0.0025s ]
INFO: [ app_end ] --START--
INFO: Run Behavior\ShowPageTraceBehavior [ RunTime:0.000762s ]
INFO: [ app_end ] --END-- [ RunTime:0.000876s ]

[ 2016-07-07T16:31:43+08:00 ] 192.168.6.218 /Home/Member/index
INFO: [ app_init ] --START--
INFO: Run Behavior\BuildLiteBehavior [ RunTime:0.000024s ]
INFO: [ app_init ] --END-- [ RunTime:0.000553s ]
INFO: [ app_begin ] --START--
INFO: Run Behavior\ReadHtmlCacheBehavior [ RunTime:0.000810s ]
INFO: [ app_begin ] --END-- [ RunTime:0.000895s ]
INFO: [ view_parse ] --START--
INFO: [ template_filter ] --START--
INFO: Run Behavior\ContentReplaceBehavior [ RunTime:0.000152s ]
INFO: [ template_filter ] --END-- [ RunTime:0.000232s ]
NOTIC: [8] Undefined variable: userlist /home/exchange/www/Runtime/Cache/Home/3dab0a4f692bc604129dcf4465678572.php 第 150 行.
NOTIC: [8] Undefined variable: page /home/exchange/www/Runtime/Cache/Home/3dab0a4f692bc604129dcf4465678572.php 第 159 行.
NOTIC: [8] Undefined variable: path /home/exchange/www/Runtime/Cache/Home/3dab0a4f692bc604129dcf4465678572.php 第 175 行.
INFO: Run Behavior\ParseTemplateBehavior [ RunTime:0.018390s ]
INFO: [ view_parse ] --END-- [ RunTime:0.018463s ]
INFO: [ view_filter ] --START--
INFO: Run Behavior\WriteHtmlCacheBehavior [ RunTime:0.000315s ]
INFO: [ view_filter ] --END-- [ RunTime:0.000386s ]
INFO: [ app_end ] --START--
INFO: Run Behavior\ShowPageTraceBehavior [ RunTime:0.000807s ]
INFO: [ app_end ] --END-- [ RunTime:0.000881s ]

[ 2016-07-07T16:31:43+08:00 ] 192.168.6.218 /Home/Member/index
INFO: [ app_init ] --START--
INFO: Run Behavior\BuildLiteBehavior [ RunTime:0.000023s ]
INFO: [ app_init ] --END-- [ RunTime:0.000595s ]
INFO: [ app_begin ] --START--
INFO: Run Behavior\ReadHtmlCacheBehavior [ RunTime:0.000745s ]
INFO: [ app_begin ] --END-- [ RunTime:0.000830s ]
INFO: [ view_parse ] --START--
INFO: [ template_filter ] --START--
INFO: Run Behavior\ContentReplaceBehavior [ RunTime:0.000149s ]
INFO: [ template_filter ] --END-- [ RunTime:0.000229s ]
NOTIC: [8] Undefined variable: userlist /home/exchange/www/Runtime/Cache/Home/3dab0a4f692bc604129dcf4465678572.php 第 150 行.
NOTIC: [8] Undefined variable: page /home/exchange/www/Runtime/Cache/Home/3dab0a4f692bc604129dcf4465678572.php 第 159 行.
NOTIC: [8] Undefined variable: path /home/exchange/www/Runtime/Cache/Home/3dab0a4f692bc604129dcf4465678572.php 第 175 行.
INFO: Run Behavior\ParseTemplateBehavior [ RunTime:0.017866s ]
INFO: [ view_parse ] --END-- [ RunTime:0.017939s ]
INFO: [ view_filter ] --START--
INFO: Run Behavior\WriteHtmlCacheBehavior [ RunTime:0.000223s ]
INFO: [ view_filter ] --END-- [ RunTime:0.000291s ]
INFO: [ app_end ] --START--
INFO: Run Behavior\ShowPageTraceBehavior [ RunTime:0.000818s ]
INFO: [ app_end ] --END-- [ RunTime:0.000890s ]

[ 2016-07-07T16:31:43+08:00 ] 192.168.6.218 /Home/Index/getInstno
INFO: [ app_init ] --START--
INFO: Run Behavior\BuildLiteBehavior [ RunTime:0.000022s ]
INFO: [ app_init ] --END-- [ RunTime:0.000563s ]
INFO: [ app_begin ] --START--
INFO: Run Behavior\ReadHtmlCacheBehavior [ RunTime:0.000673s ]
INFO: [ app_begin ] --END-- [ RunTime:0.000797s ]
SQL: SHOW COLUMNS FROM `dh_inst` [ RunTime:0.0013s ]
SQL: SELECT * FROM `dh_inst` WHERE ( inst_lv=2 )  [ RunTime:0.0027s ]
INFO: [ app_end ] --START--
INFO: Run Behavior\ShowPageTraceBehavior [ RunTime:0.001085s ]
INFO: [ app_end ] --END-- [ RunTime:0.001203s ]

[ 2016-07-07T16:31:43+08:00 ] 192.168.6.218 /Home/Index/getInstno
INFO: [ app_init ] --START--
INFO: Run Behavior\BuildLiteBehavior [ RunTime:0.000029s ]
INFO: [ app_init ] --END-- [ RunTime:0.000600s ]
INFO: [ app_begin ] --START--
INFO: Run Behavior\ReadHtmlCacheBehavior [ RunTime:0.000728s ]
INFO: [ app_begin ] --END-- [ RunTime:0.000821s ]
SQL: SHOW COLUMNS FROM `dh_inst` [ RunTime:0.0012s ]
SQL: SELECT * FROM `dh_inst` WHERE ( inst_lv=2 )  [ RunTime:0.0025s ]
INFO: [ app_end ] --START--
INFO: Run Behavior\ShowPageTraceBehavior [ RunTime:0.000923s ]
INFO: [ app_end ] --END-- [ RunTime:0.001018s ]

[ 2016-07-07T16:31:43+08:00 ] 192.168.6.218 /Home/Member/index
INFO: [ app_init ] --START--
INFO: Run Behavior\BuildLiteBehavior [ RunTime:0.000022s ]
INFO: [ app_init ] --END-- [ RunTime:0.000591s ]
INFO: [ app_begin ] --START--
INFO: Run Behavior\ReadHtmlCacheBehavior [ RunTime:0.000757s ]
INFO: [ app_begin ] --END-- [ RunTime:0.000843s ]
INFO: [ view_parse ] --START--
INFO: [ template_filter ] --START--
INFO: Run Behavior\ContentReplaceBehavior [ RunTime:0.000152s ]
INFO: [ template_filter ] --END-- [ RunTime:0.000236s ]
NOTIC: [8] Undefined variable: userlist /home/exchange/www/Runtime/Cache/Home/3dab0a4f692bc604129dcf4465678572.php 第 150 行.
NOTIC: [8] Undefined variable: page /home/exchange/www/Runtime/Cache/Home/3dab0a4f692bc604129dcf4465678572.php 第 159 行.
NOTIC: [8] Undefined variable: path /home/exchange/www/Runtime/Cache/Home/3dab0a4f692bc604129dcf4465678572.php 第 175 行.
INFO: Run Behavior\ParseTemplateBehavior [ RunTime:0.017850s ]
INFO: [ view_parse ] --END-- [ RunTime:0.017924s ]
INFO: [ view_filter ] --START--
INFO: Run Behavior\WriteHtmlCacheBehavior [ RunTime:0.000225s ]
INFO: [ view_filter ] --END-- [ RunTime:0.000294s ]
INFO: [ app_end ] --START--
INFO: Run Behavior\ShowPageTraceBehavior [ RunTime:0.000814s ]
INFO: [ app_end ] --END-- [ RunTime:0.000887s ]

[ 2016-07-07T16:31:44+08:00 ] 192.168.6.218 /Home/Member/index
INFO: [ app_init ] --START--
INFO: Run Behavior\BuildLiteBehavior [ RunTime:0.000023s ]
INFO: [ app_init ] --END-- [ RunTime:0.000607s ]
INFO: [ app_begin ] --START--
INFO: Run Behavior\ReadHtmlCacheBehavior [ RunTime:0.000684s ]
INFO: [ app_begin ] --END-- [ RunTime:0.000780s ]
INFO: [ view_parse ] --START--
INFO: [ template_filter ] --START--
INFO: Run Behavior\ContentReplaceBehavior [ RunTime:0.000149s ]
INFO: [ template_filter ] --END-- [ RunTime:0.000230s ]
NOTIC: [8] Undefined variable: userlist /home/exchange/www/Runtime/Cache/Home/3dab0a4f692bc604129dcf4465678572.php 第 150 行.
NOTIC: [8] Undefined variable: page /home/exchange/www/Runtime/Cache/Home/3dab0a4f692bc604129dcf4465678572.php 第 159 行.
NOTIC: [8] Undefined variable: path /home/exchange/www/Runtime/Cache/Home/3dab0a4f692bc604129dcf4465678572.php 第 175 行.
INFO: Run Behavior\ParseTemplateBehavior [ RunTime:0.017908s ]
INFO: [ view_parse ] --END-- [ RunTime:0.017981s ]
INFO: [ view_filter ] --START--
INFO: Run Behavior\WriteHtmlCacheBehavior [ RunTime:0.000229s ]
INFO: [ view_filter ] --END-- [ RunTime:0.000297s ]
INFO: [ app_end ] --START--
INFO: Run Behavior\ShowPageTraceBehavior [ RunTime:0.000745s ]
INFO: [ app_end ] --END-- [ RunTime:0.000835s ]

[ 2016-07-07T16:31:44+08:00 ] 192.168.6.218 /Home/Index/getInstno
INFO: [ app_init ] --START--
INFO: Run Behavior\BuildLiteBehavior [ RunTime:0.000032s ]
INFO: [ app_init ] --END-- [ RunTime:0.000583s ]
INFO: [ app_begin ] --START--
INFO: Run Behavior\ReadHtmlCacheBehavior [ RunTime:0.000767s ]
INFO: [ app_begin ] --END-- [ RunTime:0.000845s ]
SQL: SHOW COLUMNS FROM `dh_inst` [ RunTime:0.0013s ]
SQL: SELECT * FROM `dh_inst` WHERE ( inst_lv=2 )  [ RunTime:0.0027s ]
INFO: [ app_end ] --START--
INFO: Run Behavior\ShowPageTraceBehavior [ RunTime:0.000938s ]
INFO: [ app_end ] --END-- [ RunTime:0.001020s ]

[ 2016-07-07T16:31:44+08:00 ] 192.168.6.218 /Home/Index/getInstno
INFO: [ app_init ] --START--
INFO: Run Behavior\BuildLiteBehavior [ RunTime:0.000022s ]
INFO: [ app_init ] --END-- [ RunTime:0.000629s ]
INFO: [ app_begin ] --START--
INFO: Run Behavior\ReadHtmlCacheBehavior [ RunTime:0.000729s ]
INFO: [ app_begin ] --END-- [ RunTime:0.000849s ]
SQL: SHOW COLUMNS FROM `dh_inst` [ RunTime:0.0010s ]
SQL: SELECT * FROM `dh_inst` WHERE ( inst_lv=2 )  [ RunTime:0.0025s ]
INFO: [ app_end ] --START--
INFO: Run Behavior\ShowPageTraceBehavior [ RunTime:0.000855s ]
INFO: [ app_end ] --END-- [ RunTime:0.000943s ]

